#
# There is insufficient memory for the Java Runtime Environment to continue.
# Native memory allocation (malloc) failed to allocate 80432 bytes for Chunk::new
# Possible reasons:
#   The system is out of physical RAM or swap space
#   The process is running with CompressedOops enabled, and the Java Heap may be blocking the growth of the native heap
# Possible solutions:
#   Reduce memory load on the system
#   Increase physical memory or swap space
#   Check if swap backing store is full
#   Decrease Java heap size (-Xmx/-Xms)
#   Decrease number of Java threads
#   Decrease Java thread stack sizes (-Xss)
#   Set larger code cache with -XX:ReservedCodeCacheSize=
#   JVM is running with Unscaled Compressed Oops mode in which the Java heap is
#     placed in the first 4GB address space. The Java Heap base address is the
#     maximum limit for the native heap growth. Please use -XX:HeapBaseMinAddress
#     to set the Java Heap base and to place the Java Heap above 4GB virtual address.
# This output file may be truncated or incomplete.
#
#  Out of Memory Error (allocation.cpp:389), pid=16364, tid=0x0000000000003d50
#
# JRE version: OpenJDK Runtime Environment (8.0_265-b01) (build 1.8.0_265-b01)
# Java VM: OpenJDK 64-Bit Server VM (25.265-b01 mixed mode windows-amd64 compressed oops)
# Failed to write core dump. Minidumps are not enabled by default on client versions of Windows
#

---------------  T H R E A D  ---------------

Current thread (0x0000024a24c41000):  JavaThread "C2 CompilerThread2" daemon [_thread_in_native, id=15696, stack(0x000000c320100000,0x000000c320200000)]

Stack: [0x000000c320100000,0x000000c320200000]
[error occurred during error reporting (printing stack bounds), id 0xc0000005]

Native frames: (J=compiled Java code, j=interpreted, Vv=VM code, C=native code)


Current CompileTask:
C2:62886906 5982       4       java.lang.AbstractStringBuilder::append (62 bytes)


---------------  P R O C E S S  ---------------

Java Threads: ( => current thread )
  0x0000024a27328800 JavaThread "DestroyJavaVM" [_thread_blocked, id=7012, stack(0x000000c31ee00000,0x000000c31ef00000)]
  0x0000024a2732a800 JavaThread "http-nio-8080-Acceptor" daemon [_thread_in_native, id=1584, stack(0x000000c321c00000,0x000000c321d00000)]
  0x0000024a27322000 JavaThread "http-nio-8080-Poller" daemon [_thread_in_native, id=10220, stack(0x000000c321b00000,0x000000c321c00000)]
  0x0000024a27323000 JavaThread "http-nio-8080-exec-10" daemon [_thread_blocked, id=2400, stack(0x000000c321a00000,0x000000c321b00000)]
  0x0000024a27323800 JavaThread "http-nio-8080-exec-9" daemon [_thread_blocked, id=11464, stack(0x000000c321900000,0x000000c321a00000)]
  0x0000024a29457800 JavaThread "http-nio-8080-exec-8" daemon [_thread_blocked, id=15608, stack(0x000000c321800000,0x000000c321900000)]
  0x0000024a29456800 JavaThread "http-nio-8080-exec-7" daemon [_thread_blocked, id=16476, stack(0x000000c321700000,0x000000c321800000)]
  0x0000024a29455800 JavaThread "http-nio-8080-exec-6" daemon [_thread_blocked, id=9300, stack(0x000000c321600000,0x000000c321700000)]
  0x0000024a29452000 JavaThread "http-nio-8080-exec-5" daemon [_thread_blocked, id=11296, stack(0x000000c321500000,0x000000c321600000)]
  0x0000024a29455000 JavaThread "http-nio-8080-exec-4" daemon [_thread_blocked, id=10588, stack(0x000000c321400000,0x000000c321500000)]
  0x0000024a29451000 JavaThread "http-nio-8080-exec-3" daemon [_thread_blocked, id=15676, stack(0x000000c321300000,0x000000c321400000)]
  0x0000024a29458000 JavaThread "http-nio-8080-exec-2" daemon [_thread_blocked, id=5684, stack(0x000000c321200000,0x000000c321300000)]
  0x0000024a29454000 JavaThread "http-nio-8080-exec-1" daemon [_thread_blocked, id=10248, stack(0x000000c321100000,0x000000c321200000)]
  0x0000024a29452800 JavaThread "File Watcher" daemon [_thread_blocked, id=11784, stack(0x000000c320f00000,0x000000c321000000)]
  0x0000024a29453800 JavaThread "Live Reload Server" daemon [_thread_in_native, id=8056, stack(0x000000c321000000,0x000000c321100000)]
  0x0000024a25e7d000 JavaThread "MaintenanceTimer-2-thread-1" daemon [_thread_blocked, id=1952, stack(0x000000c320e00000,0x000000c320f00000)]
  0x0000024a27431000 JavaThread "cluster-rtt-ClusterId{value='64cdf67490a40b1b3c73d2b8', description='null'}-localhost:27017" daemon [_thread_in_native, id=6320, stack(0x000000c320c00000,0x000000c320d00000)]
  0x0000024a2a1ae800 JavaThread "cluster-ClusterId{value='64cdf67490a40b1b3c73d2b8', description='null'}-localhost:27017" daemon [_thread_blocked, id=8372, stack(0x000000c320b00000,0x000000c320c00000)]
  0x0000024a2a1af000 JavaThread "BufferPoolPruner-1-thread-1" daemon [_thread_blocked, id=7632, stack(0x000000c320a00000,0x000000c320b00000)]
  0x0000024a28f51000 JavaThread "container-0" [_thread_blocked, id=3972, stack(0x000000c320900000,0x000000c320a00000)]
  0x0000024a2645d000 JavaThread "Catalina-utility-2" [_thread_blocked, id=7984, stack(0x000000c320800000,0x000000c320900000)]
  0x0000024a2645c000 JavaThread "Catalina-utility-1" [_thread_blocked, id=2444, stack(0x000000c320700000,0x000000c320800000)]
  0x0000024a24cc7000 JavaThread "Service Thread" daemon [_thread_blocked, id=6236, stack(0x000000c320300000,0x000000c320400000)]
  0x0000024a24c44000 JavaThread "C1 CompilerThread3" daemon [_thread_blocked, id=1704, stack(0x000000c320200000,0x000000c320300000)]
=>0x0000024a24c41000 JavaThread "C2 CompilerThread2" daemon [_thread_in_native, id=15696, stack(0x000000c320100000,0x000000c320200000)]
  0x0000024a24c02000 JavaThread "C2 CompilerThread1" daemon [_thread_blocked, id=9260, stack(0x000000c320000000,0x000000c320100000)]
  0x0000024a24bcb800 JavaThread "C2 CompilerThread0" daemon [_thread_blocked, id=16588, stack(0x000000c31ff00000,0x000000c320000000)]
  0x0000024a225d0000 JavaThread "Attach Listener" daemon [_thread_blocked, id=15720, stack(0x000000c31fd00000,0x000000c31fe00000)]
  0x0000024a225cf800 JavaThread "Signal Dispatcher" daemon [_thread_blocked, id=9896, stack(0x000000c31fc00000,0x000000c31fd00000)]
  0x0000024a2259b800 JavaThread "Finalizer" daemon [_thread_blocked, id=7848, stack(0x000000c31fb00000,0x000000c31fc00000)]
  0x0000024a22594800 JavaThread "Reference Handler" daemon [_thread_blocked, id=8064, stack(0x000000c31fa00000,0x000000c31fb00000)]

Other Threads:
  0x0000024a2256a800 VMThread [stack: 0x000000c31f900000,0x000000c31fa00000] [id=872]
  0x0000024a24ccb000 WatcherThread [stack: 0x000000c320400000,0x000000c320500000] [id=17188]

VM state:not at safepoint (normal execution)

VM Mutex/Monitor currently owned by a thread: None

heap address: 0x0000000082600000, size: 2010 MB, Compressed Oops mode: 32-bit
Narrow klass base: 0x0000000000000000, Narrow klass shift: 3
Compressed class space size: 1073741824 Address: 0x0000000100000000

Heap:
 PSYoungGen      total 61952K, used 17623K [0x00000000d6200000, 0x00000000da400000, 0x0000000100000000)
  eden space 58368K, 29% used [0x00000000d6200000,0x00000000d72e5c48,0x00000000d9b00000)
  from space 3584K, 8% used [0x00000000da080000,0x00000000da0d0000,0x00000000da400000)
  to   space 4608K, 0% used [0x00000000d9b00000,0x00000000d9b00000,0x00000000d9f80000)
 ParOldGen       total 88064K, used 18847K [0x0000000082600000, 0x0000000087c00000, 0x00000000d6200000)
  object space 88064K, 21% used [0x0000000082600000,0x0000000083867e08,0x0000000087c00000)
 Metaspace       used 43414K, capacity 46964K, committed 47320K, reserved 1089536K
  class space    used 5684K, capacity 6286K, committed 6400K, reserved 1048576K

Card table byte_map: [0x0000024a1d160000,0x0000024a1d550000] byte_map_base: 0x0000024a1cd4d000

Marking Bits: (ParMarkBitMap*) 0x0000000054857790
 Begin Bits: [0x0000024a1d7f0000, 0x0000024a1f758000)
 End Bits:   [0x0000024a1f758000, 0x0000024a216c0000)

Polling page: 0x0000024a0dd70000

CodeCache: size=245760Kb used=16356Kb max_used=16439Kb free=229403Kb
 bounds [0x0000024a0dda0000, 0x0000024a0edd0000, 0x0000024a1cda0000]
 total_blobs=5408 nmethods=4936 adapters=384
 compilation: enabled

Compilation events (10 events):
Event: 61345.957 Thread 0x0000024a24c02000 nmethod 5977 0x0000024a0eb21c90 code [0x0000024a0eb21ec0, 0x0000024a0eb22688]
Event: 61476.689 Thread 0x0000024a24bcb800 5978       4       sun.util.locale.provider.LocaleProviderAdapter::getAdapter (171 bytes)
Event: 61476.697 Thread 0x0000024a24bcb800 nmethod 5978 0x0000024a0eb28a10 code [0x0000024a0eb28c20, 0x0000024a0eb29620]
Event: 61585.156 Thread 0x0000024a24c44000 5979       3       java.net.InetAddress$Cache::put (204 bytes)
Event: 61585.157 Thread 0x0000024a24c44000 nmethod 5979 0x0000024a0e882910 code [0x0000024a0e882cc0, 0x0000024a0e885000]
Event: 62442.944 Thread 0x0000024a24c41000 5980       4       java.util.Formatter$FixedString::print (18 bytes)
Event: 62442.948 Thread 0x0000024a24c41000 nmethod 5980 0x0000024a0e965ad0 code [0x0000024a0e965c40, 0x0000024a0e966138]
Event: 62597.628 Thread 0x0000024a24c44000 5981   !   3       java.net.InetAddress::getAddressesFromNameService (245 bytes)
Event: 62597.629 Thread 0x0000024a24c44000 nmethod 5981 0x0000024a0e329a10 code [0x0000024a0e329d80, 0x0000024a0e32bda0]
Event: 62886.897 Thread 0x0000024a24c41000 5982       4       java.lang.AbstractStringBuilder::append (62 bytes)

GC Heap History (10 events):
Event: 59318.233 GC heap before
{Heap before GC invocations=42 (full 2):
 PSYoungGen      total 64000K, used 63840K [0x00000000d6200000, 0x00000000dac00000, 0x0000000100000000)
  eden space 63488K, 100% used [0x00000000d6200000,0x00000000da000000,0x00000000da000000)
  from space 512K, 68% used [0x00000000da100000,0x00000000da158000,0x00000000da180000)
  to   space 6144K, 0% used [0x00000000da600000,0x00000000da600000,0x00000000dac00000)
 ParOldGen       total 88064K, used 18823K [0x0000000082600000, 0x0000000087c00000, 0x00000000d6200000)
  object space 88064K, 21% used [0x0000000082600000,0x0000000083861e08,0x0000000087c00000)
 Metaspace       used 43410K, capacity 46964K, committed 47320K, reserved 1089536K
  class space    used 5684K, capacity 6286K, committed 6400K, reserved 1048576K
Event: 59318.235 GC heap after
Heap after GC invocations=42 (full 2):
 PSYoungGen      total 66560K, used 320K [0x00000000d6200000, 0x00000000daa00000, 0x0000000100000000)
  eden space 62464K, 0% used [0x00000000d6200000,0x00000000d6200000,0x00000000d9f00000)
  from space 4096K, 7% used [0x00000000da600000,0x00000000da650000,0x00000000daa00000)
  to   space 5632K, 0% used [0x00000000d9f00000,0x00000000d9f00000,0x00000000da480000)
 ParOldGen       total 88064K, used 18823K [0x0000000082600000, 0x0000000087c00000, 0x00000000d6200000)
  object space 88064K, 21% used [0x0000000082600000,0x0000000083861e08,0x0000000087c00000)
 Metaspace       used 43410K, capacity 46964K, committed 47320K, reserved 1089536K
  class space    used 5684K, capacity 6286K, committed 6400K, reserved 1048576K
}
Event: 60177.297 GC heap before
{Heap before GC invocations=43 (full 2):
 PSYoungGen      total 66560K, used 62784K [0x00000000d6200000, 0x00000000daa00000, 0x0000000100000000)
  eden space 62464K, 100% used [0x00000000d6200000,0x00000000d9f00000,0x00000000d9f00000)
  from space 4096K, 7% used [0x00000000da600000,0x00000000da650000,0x00000000daa00000)
  to   space 5632K, 0% used [0x00000000d9f00000,0x00000000d9f00000,0x00000000da480000)
 ParOldGen       total 88064K, used 18823K [0x0000000082600000, 0x0000000087c00000, 0x00000000d6200000)
  object space 88064K, 21% used [0x0000000082600000,0x0000000083861e08,0x0000000087c00000)
 Metaspace       used 43412K, capacity 46964K, committed 47320K, reserved 1089536K
  class space    used 5684K, capacity 6286K, committed 6400K, reserved 1048576K
Event: 60177.300 GC heap after
Heap after GC invocations=43 (full 2):
 PSYoungGen      total 61952K, used 224K [0x00000000d6200000, 0x00000000da800000, 0x0000000100000000)
  eden space 61440K, 0% used [0x00000000d6200000,0x00000000d6200000,0x00000000d9e00000)
  from space 512K, 43% used [0x00000000d9f00000,0x00000000d9f38000,0x00000000d9f80000)
  to   space 5120K, 0% used [0x00000000da300000,0x00000000da300000,0x00000000da800000)
 ParOldGen       total 88064K, used 18823K [0x0000000082600000, 0x0000000087c00000, 0x00000000d6200000)
  object space 88064K, 21% used [0x0000000082600000,0x0000000083861e08,0x0000000087c00000)
 Metaspace       used 43412K, capacity 46964K, committed 47320K, reserved 1089536K
  class space    used 5684K, capacity 6286K, committed 6400K, reserved 1048576K
}
Event: 61020.574 GC heap before
{Heap before GC invocations=44 (full 2):
 PSYoungGen      total 61952K, used 61664K [0x00000000d6200000, 0x00000000da800000, 0x0000000100000000)
  eden space 61440K, 100% used [0x00000000d6200000,0x00000000d9e00000,0x00000000d9e00000)
  from space 512K, 43% used [0x00000000d9f00000,0x00000000d9f38000,0x00000000d9f80000)
  to   space 5120K, 0% used [0x00000000da300000,0x00000000da300000,0x00000000da800000)
 ParOldGen       total 88064K, used 18823K [0x0000000082600000, 0x0000000087c00000, 0x00000000d6200000)
  object space 88064K, 21% used [0x0000000082600000,0x0000000083861e08,0x0000000087c00000)
 Metaspace       used 43414K, capacity 46964K, committed 47320K, reserved 1089536K
  class space    used 5684K, capacity 6286K, committed 6400K, reserved 1048576K
Event: 61020.576 GC heap after
Heap after GC invocations=44 (full 2):
 PSYoungGen      total 64512K, used 352K [0x00000000d6200000, 0x00000000da700000, 0x0000000100000000)
  eden space 60416K, 0% used [0x00000000d6200000,0x00000000d6200000,0x00000000d9d00000)
  from space 4096K, 8% used [0x00000000da300000,0x00000000da358000,0x00000000da700000)
  to   space 5120K, 0% used [0x00000000d9d00000,0x00000000d9d00000,0x00000000da200000)
 ParOldGen       total 88064K, used 18847K [0x0000000082600000, 0x0000000087c00000, 0x00000000d6200000)
  object space 88064K, 21% used [0x0000000082600000,0x0000000083867e08,0x0000000087c00000)
 Metaspace       used 43414K, capacity 46964K, committed 47320K, reserved 1089536K
  class space    used 5684K, capacity 6286K, committed 6400K, reserved 1048576K
}
Event: 61836.675 GC heap before
{Heap before GC invocations=45 (full 2):
 PSYoungGen      total 64512K, used 60768K [0x00000000d6200000, 0x00000000da700000, 0x0000000100000000)
  eden space 60416K, 100% used [0x00000000d6200000,0x00000000d9d00000,0x00000000d9d00000)
  from space 4096K, 8% used [0x00000000da300000,0x00000000da358000,0x00000000da700000)
  to   space 5120K, 0% used [0x00000000d9d00000,0x00000000d9d00000,0x00000000da200000)
 ParOldGen       total 88064K, used 18847K [0x0000000082600000, 0x0000000087c00000, 0x00000000d6200000)
  object space 88064K, 21% used [0x0000000082600000,0x0000000083867e08,0x0000000087c00000)
 Metaspace       used 43414K, capacity 46964K, committed 47320K, reserved 1089536K
  class space    used 5684K, capacity 6286K, committed 6400K, reserved 1048576K
Event: 61836.677 GC heap after
Heap after GC invocations=45 (full 2):
 PSYoungGen      total 59904K, used 288K [0x00000000d6200000, 0x00000000da500000, 0x0000000100000000)
  eden space 59392K, 0% used [0x00000000d6200000,0x00000000d6200000,0x00000000d9c00000)
  from space 512K, 56% used [0x00000000d9d00000,0x00000000d9d48000,0x00000000d9d80000)
  to   space 4608K, 0% used [0x00000000da080000,0x00000000da080000,0x00000000da500000)
 ParOldGen       total 88064K, used 18847K [0x0000000082600000, 0x0000000087c00000, 0x00000000d6200000)
  object space 88064K, 21% used [0x0000000082600000,0x0000000083867e08,0x0000000087c00000)
 Metaspace       used 43414K, capacity 46964K, committed 47320K, reserved 1089536K
  class space    used 5684K, capacity 6286K, committed 6400K, reserved 1048576K
}
Event: 62650.003 GC heap before
{Heap before GC invocations=46 (full 2):
 PSYoungGen      total 59904K, used 59680K [0x00000000d6200000, 0x00000000da500000, 0x0000000100000000)
  eden space 59392K, 100% used [0x00000000d6200000,0x00000000d9c00000,0x00000000d9c00000)
  from space 512K, 56% used [0x00000000d9d00000,0x00000000d9d48000,0x00000000d9d80000)
  to   space 4608K, 0% used [0x00000000da080000,0x00000000da080000,0x00000000da500000)
 ParOldGen       total 88064K, used 18847K [0x0000000082600000, 0x0000000087c00000, 0x00000000d6200000)
  object space 88064K, 21% used [0x0000000082600000,0x0000000083867e08,0x0000000087c00000)
 Metaspace       used 43414K, capacity 46964K, committed 47320K, reserved 1089536K
  class space    used 5684K, capacity 6286K, committed 6400K, reserved 1048576K
Event: 62650.004 GC heap after
Heap after GC invocations=46 (full 2):
 PSYoungGen      total 61952K, used 320K [0x00000000d6200000, 0x00000000da400000, 0x0000000100000000)
  eden space 58368K, 0% used [0x00000000d6200000,0x00000000d6200000,0x00000000d9b00000)
  from space 3584K, 8% used [0x00000000da080000,0x00000000da0d0000,0x00000000da400000)
  to   space 4608K, 0% used [0x00000000d9b00000,0x00000000d9b00000,0x00000000d9f80000)
 ParOldGen       total 88064K, used 18847K [0x0000000082600000, 0x0000000087c00000, 0x00000000d6200000)
  object space 88064K, 21% used [0x0000000082600000,0x0000000083867e08,0x0000000087c00000)
 Metaspace       used 43414K, capacity 46964K, committed 47320K, reserved 1089536K
  class space    used 5684K, capacity 6286K, committed 6400K, reserved 1048576K
}

Deoptimization events (10 events):
Event: 51066.543 Thread 0x0000024a2a1ae800 Uncommon trap: reason=class_check action=maybe_recompile pc=0x0000024a0e34a0d0 method=com.mongodb.TagSet.equals(Ljava/lang/Object;)Z @ 37
Event: 51066.545 Thread 0x0000024a2a1ae800 Uncommon trap: reason=class_check action=maybe_recompile pc=0x0000024a0e34a0d0 method=com.mongodb.TagSet.equals(Ljava/lang/Object;)Z @ 37
Event: 51066.545 Thread 0x0000024a2a1ae800 Uncommon trap: reason=unstable_if action=reinterpret pc=0x0000024a0e061048 method=com.mongodb.internal.connection.EventHelper.exceptionsEquals(Ljava/lang/Throwable;Ljava/lang/Throwable;)Z @ 1
Event: 51066.545 Thread 0x0000024a2a1ae800 Uncommon trap: reason=class_check action=maybe_recompile pc=0x0000024a0e34a0d0 method=com.mongodb.TagSet.equals(Ljava/lang/Object;)Z @ 37
Event: 51068.453 Thread 0x0000024a25e7d000 Uncommon trap: reason=unstable_if action=reinterpret pc=0x0000024a0ec7c758 method=java.util.concurrent.FutureTask.runAndReset()Z @ 4
Event: 51068.453 Thread 0x0000024a25e7d000 Uncommon trap: reason=unstable_if action=reinterpret pc=0x0000024a0ec83774 method=java.util.concurrent.ScheduledThreadPoolExecutor$DelayedWorkQueue.take()Ljava/util/concurrent/RunnableScheduledFuture; @ 17
Event: 51068.453 Thread 0x0000024a25e7d000 Uncommon trap: reason=unstable_if action=reinterpret pc=0x0000024a0ebbb610 method=java.util.concurrent.locks.AbstractQueuedSynchronizer$ConditionObject.addConditionWaiter()Ljava/util/concurrent/locks/AbstractQueuedSynchronizer$Node; @ 15
Event: 51076.546 Thread 0x0000024a2a1ae800 Uncommon trap: reason=unstable_if action=reinterpret pc=0x0000024a0ec3e86c method=java.util.concurrent.locks.AbstractQueuedSynchronizer.enq(Ljava/util/concurrent/locks/AbstractQueuedSynchronizer$Node;)Ljava/util/concurrent/locks/AbstractQueuedSynchronizer
Event: 51078.567 Thread 0x0000024a2a1ae800 Uncommon trap: reason=class_check action=maybe_recompile pc=0x0000024a0e34a0d0 method=com.mongodb.TagSet.equals(Ljava/lang/Object;)Z @ 37
Event: 54869.124 Thread 0x0000024a2645c000 Uncommon trap: reason=unstable_if action=reinterpret pc=0x0000024a0edaabe4 method=java.util.concurrent.locks.AbstractQueuedSynchronizer.isOnSyncQueue(Ljava/util/concurrent/locks/AbstractQueuedSynchronizer$Node;)Z @ 13

Classes redefined (0 events):
No events

Internal exceptions (10 events):
Event: 62828.742 Thread 0x0000024a27431000 Exception <a 'java/net/ConnectException': Connection refused: connect> (0x00000000d6f80590) thrown at [J:\jenkins\tmp\workspace\build\src\hotspot\src\share\vm\prims\jni.cpp, line 738]
Event: 62830.931 Thread 0x0000024a2a1ae800 Exception <a 'java/net/ConnectException': Connection refused: connect> (0x00000000d6e644c8) thrown at [J:\jenkins\tmp\workspace\build\src\hotspot\src\share\vm\prims\jni.cpp, line 738]
Event: 62840.762 Thread 0x0000024a27431000 Exception <a 'java/net/ConnectException': Connection refused: connect> (0x00000000d6f818f8) thrown at [J:\jenkins\tmp\workspace\build\src\hotspot\src\share\vm\prims\jni.cpp, line 738]
Event: 62842.981 Thread 0x0000024a2a1ae800 Exception <a 'java/net/ConnectException': Connection refused: connect> (0x00000000d6f844e8) thrown at [J:\jenkins\tmp\workspace\build\src\hotspot\src\share\vm\prims\jni.cpp, line 738]
Event: 62852.800 Thread 0x0000024a27431000 Exception <a 'java/net/ConnectException': Connection refused: connect> (0x00000000d70a1be0) thrown at [J:\jenkins\tmp\workspace\build\src\hotspot\src\share\vm\prims\jni.cpp, line 738]
Event: 62855.037 Thread 0x0000024a2a1ae800 Exception <a 'java/net/ConnectException': Connection refused: connect> (0x00000000d70a3460) thrown at [J:\jenkins\tmp\workspace\build\src\hotspot\src\share\vm\prims\jni.cpp, line 738]
Event: 62864.856 Thread 0x0000024a27431000 Exception <a 'java/net/ConnectException': Connection refused: connect> (0x00000000d71c2ca0) thrown at [J:\jenkins\tmp\workspace\build\src\hotspot\src\share\vm\prims\jni.cpp, line 738]
Event: 62867.117 Thread 0x0000024a2a1ae800 Exception <a 'java/net/ConnectException': Connection refused: connect> (0x00000000d71c4498) thrown at [J:\jenkins\tmp\workspace\build\src\hotspot\src\share\vm\prims\jni.cpp, line 738]
Event: 62876.892 Thread 0x0000024a27431000 Exception <a 'java/net/ConnectException': Connection refused: connect> (0x00000000d72e2420) thrown at [J:\jenkins\tmp\workspace\build\src\hotspot\src\share\vm\prims\jni.cpp, line 738]
Event: 62879.178 Thread 0x0000024a2a1ae800 Exception <a 'java/net/ConnectException': Connection refused: connect> (0x00000000d71c5b40) thrown at [J:\jenkins\tmp\workspace\build\src\hotspot\src\share\vm\prims\jni.cpp, line 738]

Events (10 events):
Event: 59560.553 Thread 0x0000024a24c44000 flushing nmethod 0x0000024a0ec75e10
Event: 60177.297 Executing VM operation: ParallelGCFailedAllocation
Event: 60177.300 Executing VM operation: ParallelGCFailedAllocation done
Event: 61020.574 Executing VM operation: ParallelGCFailedAllocation
Event: 61020.576 Executing VM operation: ParallelGCFailedAllocation done
Event: 61632.419 Thread 0x0000024a24bf4800 Thread exited: 0x0000024a24bf4800
Event: 61836.675 Executing VM operation: ParallelGCFailedAllocation
Event: 61836.677 Executing VM operation: ParallelGCFailedAllocation done
Event: 62650.002 Executing VM operation: ParallelGCFailedAllocation
Event: 62650.004 Executing VM operation: ParallelGCFailedAllocation done


Dynamic libraries:
0x00007ff683c40000 - 0x00007ff683c7a000 	C:\Program Files\AdoptOpenJDK\jdk-8.0.265.01-hotspot\bin\java.exe
0x00007fff2e7f0000 - 0x00007fff2e9e8000 	C:\WINDOWS\SYSTEM32\ntdll.dll
0x00007fff2c980000 - 0x00007fff2ca3f000 	C:\WINDOWS\System32\KERNEL32.DLL
0x00007fff2c040000 - 0x00007fff2c336000 	C:\WINDOWS\System32\KERNELBASE.dll
0x00007fff2ceb0000 - 0x00007fff2cf5f000 	C:\WINDOWS\System32\ADVAPI32.dll
0x00007fff2d7d0000 - 0x00007fff2d86e000 	C:\WINDOWS\System32\msvcrt.dll
0x00007fff2c8e0000 - 0x00007fff2c97c000 	C:\WINDOWS\System32\sechost.dll
0x00007fff2d640000 - 0x00007fff2d766000 	C:\WINDOWS\System32\RPCRT4.dll
0x00007fff2cb20000 - 0x00007fff2ccbd000 	C:\WINDOWS\System32\USER32.dll
0x00007fff2c620000 - 0x00007fff2c642000 	C:\WINDOWS\System32\win32u.dll
0x00007fff2d8d0000 - 0x00007fff2d8fc000 	C:\WINDOWS\System32\GDI32.dll
0x00007fff2c400000 - 0x00007fff2c515000 	C:\WINDOWS\System32\gdi32full.dll
0x00007fff2c7b0000 - 0x00007fff2c84d000 	C:\WINDOWS\System32\msvcp_win.dll
0x00007fff2c520000 - 0x00007fff2c620000 	C:\WINDOWS\System32\ucrtbase.dll
0x00007fff14690000 - 0x00007fff1492a000 	C:\WINDOWS\WinSxS\amd64_microsoft.windows.common-controls_6595b64144ccf1df_6.0.19041.1110_none_60b5254171f9507e\COMCTL32.dll
0x00007fff2e700000 - 0x00007fff2e730000 	C:\WINDOWS\System32\IMM32.DLL
0x00007ffeea150000 - 0x00007ffeea23f000 	C:\Program Files\AdoptOpenJDK\jdk-8.0.265.01-hotspot\jre\bin\msvcr120.dll
0x00007ffeeb460000 - 0x00007ffeeb506000 	C:\Program Files\AdoptOpenJDK\jdk-8.0.265.01-hotspot\jre\bin\msvcp120.dll
0x0000000054070000 - 0x00000000548d6000 	C:\Program Files\AdoptOpenJDK\jdk-8.0.265.01-hotspot\jre\bin\server\jvm.dll
0x00007fff2e7a0000 - 0x00007fff2e7a8000 	C:\WINDOWS\System32\PSAPI.DLL
0x00007fff0e330000 - 0x00007fff0e339000 	C:\WINDOWS\SYSTEM32\WSOCK32.dll
0x00007fff128d0000 - 0x00007fff128f7000 	C:\WINDOWS\SYSTEM32\WINMM.dll
0x00007fff25980000 - 0x00007fff2598a000 	C:\WINDOWS\SYSTEM32\VERSION.dll
0x00007fff2e730000 - 0x00007fff2e79b000 	C:\WINDOWS\System32\WS2_32.dll
0x00007fff27940000 - 0x00007fff2794f000 	C:\Program Files\AdoptOpenJDK\jdk-8.0.265.01-hotspot\jre\bin\verify.dll
0x00007ffefb790000 - 0x00007ffefb7b8000 	C:\Program Files\AdoptOpenJDK\jdk-8.0.265.01-hotspot\jre\bin\java.dll
0x00007fff007d0000 - 0x00007fff007fa000 	C:\Program Files\AdoptOpenJDK\jdk-8.0.265.01-hotspot\jre\bin\instrument.dll
0x00007ffefb770000 - 0x00007ffefb786000 	C:\Program Files\AdoptOpenJDK\jdk-8.0.265.01-hotspot\jre\bin\zip.dll
0x00007fff2de20000 - 0x00007fff2e564000 	C:\WINDOWS\System32\SHELL32.dll
0x00007fff29f20000 - 0x00007fff2a6b4000 	C:\WINDOWS\SYSTEM32\windows.storage.dll
0x00007fff2d230000 - 0x00007fff2d584000 	C:\WINDOWS\System32\combase.dll
0x00007fff2b840000 - 0x00007fff2b86e000 	C:\WINDOWS\SYSTEM32\Wldp.dll
0x00007fff2d590000 - 0x00007fff2d63d000 	C:\WINDOWS\System32\SHCORE.dll
0x00007fff2d870000 - 0x00007fff2d8c5000 	C:\WINDOWS\System32\shlwapi.dll
0x00007fff2be00000 - 0x00007fff2be25000 	C:\WINDOWS\SYSTEM32\profapi.dll
0x00007fff01000000 - 0x00007fff0101a000 	D:\IntelliJ IDEA Community Edition 2022.1.4\bin\breakgen64.dll
0x00007ffefb750000 - 0x00007ffefb76a000 	C:\Program Files\AdoptOpenJDK\jdk-8.0.265.01-hotspot\jre\bin\net.dll
0x00007fff2b550000 - 0x00007fff2b5ba000 	C:\WINDOWS\system32\mswsock.dll
0x00007fff1da70000 - 0x00007fff1da7d000 	C:\Program Files\AdoptOpenJDK\jdk-8.0.265.01-hotspot\jre\bin\management.dll
0x00007fff0c3f0000 - 0x00007fff0c407000 	C:\WINDOWS\system32\napinsp.dll
0x00007fff0c3d0000 - 0x00007fff0c3eb000 	C:\WINDOWS\system32\pnrpnsp.dll
0x00007fff0c3b0000 - 0x00007fff0c3c5000 	C:\WINDOWS\system32\wshbth.dll
0x00007fff27580000 - 0x00007fff2759d000 	C:\WINDOWS\system32\NLAapi.dll
0x00007fff2b250000 - 0x00007fff2b28c000 	C:\WINDOWS\SYSTEM32\IPHLPAPI.DLL
0x00007fff2b290000 - 0x00007fff2b35a000 	C:\WINDOWS\SYSTEM32\DNSAPI.dll
0x00007fff2d070000 - 0x00007fff2d078000 	C:\WINDOWS\System32\NSI.dll
0x00007fff0c2c0000 - 0x00007fff0c2d2000 	C:\WINDOWS\System32\winrnr.dll
0x00007fff1e890000 - 0x00007fff1e89a000 	C:\Windows\System32\rasadhlp.dll
0x00007fff1eb40000 - 0x00007fff1ebc2000 	C:\WINDOWS\System32\fwpuclnt.dll
0x00007fff2c010000 - 0x00007fff2c037000 	C:\WINDOWS\System32\bcrypt.dll
0x00007ffeec260000 - 0x00007ffeec272000 	C:\Program Files\AdoptOpenJDK\jdk-8.0.265.01-hotspot\jre\bin\nio.dll
0x00007fff2b710000 - 0x00007fff2b728000 	C:\WINDOWS\SYSTEM32\CRYPTSP.dll
0x00007fff2ae80000 - 0x00007fff2aeb4000 	C:\WINDOWS\system32\rsaenh.dll
0x00007fff2bdc0000 - 0x00007fff2bdee000 	C:\WINDOWS\SYSTEM32\USERENV.dll
0x00007fff2bf80000 - 0x00007fff2c002000 	C:\WINDOWS\System32\bcryptprimitives.dll
0x00007fff2b700000 - 0x00007fff2b70c000 	C:\WINDOWS\SYSTEM32\CRYPTBASE.dll
0x00007fff24550000 - 0x00007fff24567000 	C:\WINDOWS\SYSTEM32\dhcpcsvc6.DLL
0x00007fff24660000 - 0x00007fff2467d000 	C:\WINDOWS\SYSTEM32\dhcpcsvc.DLL
0x00007fff24330000 - 0x00007fff24353000 	C:\Program Files\AdoptOpenJDK\jdk-8.0.265.01-hotspot\jre\bin\sunec.dll
0x00007fff242d0000 - 0x00007fff242dc000 	C:\Program Files\AdoptOpenJDK\jdk-8.0.265.01-hotspot\jre\bin\sunmscapi.dll
0x00007fff2c650000 - 0x00007fff2c7ae000 	C:\WINDOWS\System32\CRYPT32.dll
0x00007fff2b8b0000 - 0x00007fff2b8d8000 	C:\WINDOWS\SYSTEM32\ncrypt.dll
0x00007fff2b870000 - 0x00007fff2b8ab000 	C:\WINDOWS\SYSTEM32\NTASN1.dll

VM Arguments:
jvm_args: -javaagent:D:\IntelliJ IDEA Community Edition 2022.1.4\lib\idea_rt.jar=1230:D:\IntelliJ IDEA Community Edition 2022.1.4\bin -Dfile.encoding=UTF-8 
java_command: com.movie.movie.MovieApplication
java_class_path (initial): C:\Program Files\AdoptOpenJDK\jdk-8.0.265.01-hotspot\jre\lib\charsets.jar;C:\Program Files\AdoptOpenJDK\jdk-8.0.265.01-hotspot\jre\lib\ext\access-bridge-64.jar;C:\Program Files\AdoptOpenJDK\jdk-8.0.265.01-hotspot\jre\lib\ext\cldrdata.jar;C:\Program Files\AdoptOpenJDK\jdk-8.0.265.01-hotspot\jre\lib\ext\dnsns.jar;C:\Program Files\AdoptOpenJDK\jdk-8.0.265.01-hotspot\jre\lib\ext\jaccess.jar;C:\Program Files\AdoptOpenJDK\jdk-8.0.265.01-hotspot\jre\lib\ext\localedata.jar;C:\Program Files\AdoptOpenJDK\jdk-8.0.265.01-hotspot\jre\lib\ext\nashorn.jar;C:\Program Files\AdoptOpenJDK\jdk-8.0.265.01-hotspot\jre\lib\ext\sunec.jar;C:\Program Files\AdoptOpenJDK\jdk-8.0.265.01-hotspot\jre\lib\ext\sunjce_provider.jar;C:\Program Files\AdoptOpenJDK\jdk-8.0.265.01-hotspot\jre\lib\ext\sunmscapi.jar;C:\Program Files\AdoptOpenJDK\jdk-8.0.265.01-hotspot\jre\lib\ext\sunpkcs11.jar;C:\Program Files\AdoptOpenJDK\jdk-8.0.265.01-hotspot\jre\lib\ext\zipfs.jar;C:\Program Files\AdoptOpenJDK\jdk-8.0.265.01-hotspot\jre\lib\jce.jar;C:\Program Files\AdoptOpenJDK\jdk-8.0.265.01-hotspot\jre\lib\jfr.jar;C:\Program Files\AdoptOpenJDK\jdk-8.0.265.01-hotspot\jre\lib\jsse.jar;C:\Program Files\AdoptOpenJDK\jdk-8.0.265.01-hotspot\jre\lib\management-agent.jar;C:\Program Files\AdoptOpenJDK\jdk-8.0.265.01-hotspot\jre\lib\resources.jar;C:\Program Files\AdoptOpenJDK\jdk-8.0.265.01-hotspot\jre\lib\rt.jar;F:\moviemap\movie_backend\target\classes;C:\Users\hp\.m2\repository\org\springframework\boot\spring-boot-starter-data-mongodb\2.7.13\spring-boot-starter-data-mongodb-2.7.13.jar;C:\Users\hp\.m2\repository\org\springframework\boot\spring-boot-starter\2.7.13\spring-boot-starter-2.7.13.jar;C:\Users\hp\.m2\repository\org\springframework\boot\spring-boot-starter-logging\2.7.13\spring-boot-starter-logging-2.7.13.jar;C:\Users\hp\.m2\repository\ch\qos\logback\logback-classic\1.2.12\logback-classic-1.2.12.jar;C:\Users\hp\.m2\repository\ch\qos\logback\logback-core\1.2.12\logback-core-1.2.12.jar;C:\User
Launcher Type: SUN_STANDARD

Environment Variables:
JAVA_HOME=D:\jdk
CLASSPATH=.;D:\jdk\lib\dt.jar;D:\jdk\lib\tools.jar
USERNAME=hp
OS=Windows_NT
PROCESSOR_IDENTIFIER=Intel64 Family 6 Model 158 Stepping 10, GenuineIntel



---------------  S Y S T E M  ---------------

OS: Windows 10.0 , 64 bit Build 19041 (10.0.19041.3155)

CPU:total 12 (initial active 12) (6 cores per cpu, 2 threads per core) family 6 model 158 stepping 10, cmov, cx8, fxsr, mmx, sse, sse2, sse3, ssse3, sse4.1, sse4.2, popcnt, avx, avx2, aes, clmul, erms, 3dnowpref, lzcnt, ht, tsc, tscinvbit, bmi1, bmi2, adx

Memory: 4k page, physical 8224952k(4096464k free), swap 73219260k(400k free)

vm_info: OpenJDK 64-Bit Server VM (25.265-b01) for windows-amd64 JRE (1.8.0_265-b01), built on Jul 28 2020 15:11:27 by "jenkins" with MS VC++ 12.0 (VS2013)

time: Sun Aug 06 08:40:45 2023
timezone: ?D1¨²¡À¨º¡Á?¨º¡À??
elapsed time: 62886 seconds (0d 17h 28m 6s)

