#
# There is insufficient memory for the Java Runtime Environment to continue.
# Native memory allocation (malloc) failed to allocate 249376 bytes for Chunk::new
# Possible reasons:
#   The system is out of physical RAM or swap space
#   The process is running with CompressedOops enabled, and the Java Heap may be blocking the growth of the native heap
# Possible solutions:
#   Reduce memory load on the system
#   Increase physical memory or swap space
#   Check if swap backing store is full
#   Decrease Java heap size (-Xmx/-Xms)
#   Decrease number of Java threads
#   Decrease Java thread stack sizes (-Xss)
#   Set larger code cache with -XX:ReservedCodeCacheSize=
#   JVM is running with Unscaled Compressed Oops mode in which the Java heap is
#     placed in the first 4GB address space. The Java Heap base address is the
#     maximum limit for the native heap growth. Please use -XX:HeapBaseMinAddress
#     to set the Java Heap base and to place the Java Heap above 4GB virtual address.
# This output file may be truncated or incomplete.
#
#  Out of Memory Error (allocation.cpp:389), pid=2664, tid=0x0000000000004270
#
# JRE version: OpenJDK Runtime Environment (8.0_265-b01) (build 1.8.0_265-b01)
# Java VM: OpenJDK 64-Bit Server VM (25.265-b01 mixed mode windows-amd64 compressed oops)
# Failed to write core dump. Minidumps are not enabled by default on client versions of Windows
#

---------------  T H R E A D  ---------------

Current thread (0x000001e0a53aa800):  JavaThread "C2 CompilerThread2" daemon [_thread_in_native, id=17008, stack(0x000000c409e00000,0x000000c409f00000)]

Stack: [0x000000c409e00000,0x000000c409f00000]
[error occurred during error reporting (printing stack bounds), id 0xc0000005]

Native frames: (J=compiled Java code, j=interpreted, Vv=VM code, C=native code)


Current CompileTask:
C2:45041753 7847   !   4       java.util.concurrent.ThreadPoolExecutor::getTask (179 bytes)


---------------  P R O C E S S  ---------------

Java Threads: ( => current thread )
  0x000001e0aa531000 JavaThread "DestroyJavaVM" [_thread_blocked, id=14476, stack(0x000000c408b00000,0x000000c408c00000)]
  0x000001e0aa530800 JavaThread "http-nio-8080-Acceptor" daemon [_thread_in_native, id=1740, stack(0x000000c40b900000,0x000000c40ba00000)]
  0x000001e0aa52f800 JavaThread "http-nio-8080-Poller" daemon [_thread_in_native, id=1404, stack(0x000000c40b800000,0x000000c40b900000)]
  0x000001e0aa533800 JavaThread "http-nio-8080-exec-10" daemon [_thread_blocked, id=1876, stack(0x000000c40b700000,0x000000c40b800000)]
  0x000001e0aa532800 JavaThread "http-nio-8080-exec-9" daemon [_thread_blocked, id=2244, stack(0x000000c40b600000,0x000000c40b700000)]
  0x000001e0aa532000 JavaThread "http-nio-8080-exec-8" daemon [_thread_blocked, id=2920, stack(0x000000c40b500000,0x000000c40b600000)]
  0x000001e0aa535000 JavaThread "http-nio-8080-exec-7" daemon [_thread_blocked, id=1360, stack(0x000000c40b400000,0x000000c40b500000)]
  0x000001e0aa52f000 JavaThread "http-nio-8080-exec-6" daemon [_thread_blocked, id=1356, stack(0x000000c40b300000,0x000000c40b400000)]
  0x000001e0aa2d6000 JavaThread "http-nio-8080-exec-5" daemon [_thread_blocked, id=1344, stack(0x000000c40b200000,0x000000c40b300000)]
  0x000001e0aa2d4000 JavaThread "http-nio-8080-exec-4" daemon [_thread_blocked, id=5888, stack(0x000000c40b100000,0x000000c40b200000)]
  0x000001e0aa2d3800 JavaThread "http-nio-8080-exec-3" daemon [_thread_blocked, id=8328, stack(0x000000c40b000000,0x000000c40b100000)]
  0x000001e0aa2d2800 JavaThread "http-nio-8080-exec-2" daemon [_thread_blocked, id=1100, stack(0x000000c40af00000,0x000000c40b000000)]
  0x000001e0aa2d7800 JavaThread "http-nio-8080-exec-1" daemon [_thread_blocked, id=7828, stack(0x000000c40ae00000,0x000000c40af00000)]
  0x000001e0aa2d5000 JavaThread "File Watcher" daemon [_thread_blocked, id=9820, stack(0x000000c40ac00000,0x000000c40ad00000)]
  0x000001e0aa2d1000 JavaThread "Live Reload Server" daemon [_thread_in_native, id=10376, stack(0x000000c40ad00000,0x000000c40ae00000)]
  0x000001e0aa2d8000 JavaThread "MaintenanceTimer-2-thread-1" daemon [_thread_blocked, id=9436, stack(0x000000c40ab00000,0x000000c40ac00000)]
  0x000001e0aa2d6800 JavaThread "cluster-rtt-ClusterId{value='64c8f6dc7c284553a10403f3', description='null'}-localhost:27017" daemon [_thread_blocked, id=5480, stack(0x000000c40a900000,0x000000c40aa00000)]
  0x000001e0aa2d2000 JavaThread "cluster-ClusterId{value='64c8f6dc7c284553a10403f3', description='null'}-localhost:27017" daemon [_thread_blocked, id=13368, stack(0x000000c40a800000,0x000000c40a900000)]
  0x000001e0aa3cb800 JavaThread "BufferPoolPruner-1-thread-1" daemon [_thread_blocked, id=13328, stack(0x000000c40a700000,0x000000c40a800000)]
  0x000001e0aa071000 JavaThread "container-0" [_thread_blocked, id=4264, stack(0x000000c40a600000,0x000000c40a700000)]
  0x000001e0aa711800 JavaThread "Catalina-utility-2" [_thread_blocked, id=11584, stack(0x000000c40a500000,0x000000c40a600000)]
  0x000001e0a7d5f800 JavaThread "Catalina-utility-1" [_thread_blocked, id=12536, stack(0x000000c40a400000,0x000000c40a500000)]
  0x000001e0a5462000 JavaThread "Service Thread" daemon [_thread_blocked, id=15352, stack(0x000000c40a000000,0x000000c40a100000)]
  0x000001e0a53b7800 JavaThread "C1 CompilerThread3" daemon [_thread_blocked, id=9040, stack(0x000000c409f00000,0x000000c40a000000)]
=>0x000001e0a53aa800 JavaThread "C2 CompilerThread2" daemon [_thread_in_native, id=17008, stack(0x000000c409e00000,0x000000c409f00000)]
  0x000001e0a53aa000 JavaThread "C2 CompilerThread1" daemon [_thread_blocked, id=8740, stack(0x000000c409d00000,0x000000c409e00000)]
  0x000001e0a537c800 JavaThread "C2 CompilerThread0" daemon [_thread_blocked, id=17240, stack(0x000000c409c00000,0x000000c409d00000)]
  0x000001e0a53a4000 JavaThread "Monitor Ctrl-Break" daemon [_thread_in_native, id=17292, stack(0x000000c409b00000,0x000000c409c00000)]
  0x000001e0a2ef0000 JavaThread "Attach Listener" daemon [_thread_blocked, id=9108, stack(0x000000c409a00000,0x000000c409b00000)]
  0x000001e0a516b800 JavaThread "Signal Dispatcher" daemon [_thread_blocked, id=16652, stack(0x000000c409900000,0x000000c409a00000)]
  0x000001e0a2ebb000 JavaThread "Finalizer" daemon [_thread_blocked, id=4544, stack(0x000000c409800000,0x000000c409900000)]
  0x000001e0a2eb4000 JavaThread "Reference Handler" daemon [_thread_blocked, id=8764, stack(0x000000c409700000,0x000000c409800000)]

Other Threads:
  0x000001e0a2e8a000 VMThread [stack: 0x000000c409600000,0x000000c409700000] [id=13292]
  0x000001e0a5466000 WatcherThread [stack: 0x000000c40a100000,0x000000c40a200000] [id=11732]

VM state:not at safepoint (normal execution)

VM Mutex/Monitor currently owned by a thread: None

heap address: 0x0000000082600000, size: 2010 MB, Compressed Oops mode: 32-bit
Narrow klass base: 0x0000000000000000, Narrow klass shift: 3
Compressed class space size: 1073741824 Address: 0x0000000100000000

Heap:
 PSYoungGen      total 51200K, used 38042K [0x00000000d6200000, 0x00000000d9700000, 0x0000000100000000)
  eden space 49152K, 76% used [0x00000000d6200000,0x00000000d86de808,0x00000000d9200000)
  from space 2048K, 14% used [0x00000000d9500000,0x00000000d9548000,0x00000000d9700000)
  to   space 2560K, 0% used [0x00000000d9200000,0x00000000d9200000,0x00000000d9480000)
 ParOldGen       total 104448K, used 21170K [0x0000000082600000, 0x0000000088c00000, 0x00000000d6200000)
  object space 104448K, 20% used [0x0000000082600000,0x0000000083aac9e0,0x0000000088c00000)
 Metaspace       used 44654K, capacity 48278K, committed 48600K, reserved 1091584K
  class space    used 5692K, capacity 6297K, committed 6400K, reserved 1048576K

Card table byte_map: [0x000001e09d8b0000,0x000001e09dca0000] byte_map_base: 0x000001e09d49d000

Marking Bits: (ParMarkBitMap*) 0x0000000072087790
 Begin Bits: [0x000001e09df40000, 0x000001e09fea8000)
 End Bits:   [0x000001e09fea8000, 0x000001e0a1e10000)

Polling page: 0x000001e08c9b0000

CodeCache: size=245760Kb used=20803Kb max_used=21252Kb free=224956Kb
 bounds [0x000001e08e4f0000, 0x000001e08fa10000, 0x000001e09d4f0000]
 total_blobs=6900 nmethods=6428 adapters=383
 compilation: enabled

Compilation events (10 events):
Event: 44827.431 Thread 0x000001e0a53b7800 nmethod 7841 0x000001e08f150490 code [0x000001e08f1505e0, 0x000001e08f150738]
Event: 44827.431 Thread 0x000001e0a53b7800 7842  s!   3       java.net.AbstractPlainSocketImpl::doConnect (156 bytes)
Event: 44827.432 Thread 0x000001e0a53b7800 nmethod 7842 0x000001e08f25c8d0 code [0x000001e08f25cb00, 0x000001e08f25dab0]
Event: 44827.432 Thread 0x000001e0a53b7800 7843       3       java.net.Socket::isBound (20 bytes)
Event: 44827.432 Thread 0x000001e0a53b7800 nmethod 7843 0x000001e08ec02d10 code [0x000001e08ec02e60, 0x000001e08ec03058]
Event: 44827.433 Thread 0x000001e0a53b7800 7844   !   3       java.net.DualStackPlainSocketImpl::socketConnect (101 bytes)
Event: 44827.433 Thread 0x000001e0a53b7800 nmethod 7844 0x000001e08e75bd50 code [0x000001e08e75bf40, 0x000001e08e75c470]
Event: 44985.739 Thread 0x000001e0a537c800 7846       4       java.util.concurrent.ScheduledThreadPoolExecutor$ScheduledFutureTask::run (59 bytes)
Event: 44985.743 Thread 0x000001e0a537c800 nmethod 7846 0x000001e08f424fd0 code [0x000001e08f425180, 0x000001e08f4256e0]
Event: 45041.736 Thread 0x000001e0a53aa800 7847   !   4       java.util.concurrent.ThreadPoolExecutor::getTask (179 bytes)

GC Heap History (10 events):
Event: 41845.008 GC heap before
{Heap before GC invocations=50 (full 2):
 PSYoungGen      total 52736K, used 52544K [0x00000000d6200000, 0x00000000d9c00000, 0x0000000100000000)
  eden space 52224K, 100% used [0x00000000d6200000,0x00000000d9500000,0x00000000d9500000)
  from space 512K, 62% used [0x00000000d9600000,0x00000000d9650000,0x00000000d9680000)
  to   space 3584K, 0% used [0x00000000d9880000,0x00000000d9880000,0x00000000d9c00000)
 ParOldGen       total 104448K, used 21106K [0x0000000082600000, 0x0000000088c00000, 0x00000000d6200000)
  object space 104448K, 20% used [0x0000000082600000,0x0000000083a9c9e0,0x0000000088c00000)
 Metaspace       used 44545K, capacity 48150K, committed 48344K, reserved 1091584K
  class space    used 5692K, capacity 6297K, committed 6400K, reserved 1048576K
Event: 41845.010 GC heap after
Heap after GC invocations=50 (full 2):
 PSYoungGen      total 52736K, used 224K [0x00000000d6200000, 0x00000000d9a00000, 0x0000000100000000)
  eden space 51200K, 0% used [0x00000000d6200000,0x00000000d6200000,0x00000000d9400000)
  from space 1536K, 14% used [0x00000000d9880000,0x00000000d98b8000,0x00000000d9a00000)
  to   space 3072K, 0% used [0x00000000d9400000,0x00000000d9400000,0x00000000d9700000)
 ParOldGen       total 104448K, used 21114K [0x0000000082600000, 0x0000000088c00000, 0x00000000d6200000)
  object space 104448K, 20% used [0x0000000082600000,0x0000000083a9e9e0,0x0000000088c00000)
 Metaspace       used 44545K, capacity 48150K, committed 48344K, reserved 1091584K
  class space    used 5692K, capacity 6297K, committed 6400K, reserved 1048576K
}
Event: 42534.915 GC heap before
{Heap before GC invocations=51 (full 2):
 PSYoungGen      total 52736K, used 51424K [0x00000000d6200000, 0x00000000d9a00000, 0x0000000100000000)
  eden space 51200K, 100% used [0x00000000d6200000,0x00000000d9400000,0x00000000d9400000)
  from space 1536K, 14% used [0x00000000d9880000,0x00000000d98b8000,0x00000000d9a00000)
  to   space 3072K, 0% used [0x00000000d9400000,0x00000000d9400000,0x00000000d9700000)
 ParOldGen       total 104448K, used 21114K [0x0000000082600000, 0x0000000088c00000, 0x00000000d6200000)
  object space 104448K, 20% used [0x0000000082600000,0x0000000083a9e9e0,0x0000000088c00000)
 Metaspace       used 44588K, capacity 48214K, committed 48344K, reserved 1091584K
  class space    used 5692K, capacity 6297K, committed 6400K, reserved 1048576K
Event: 42534.918 GC heap after
Heap after GC invocations=51 (full 2):
 PSYoungGen      total 51200K, used 352K [0x00000000d6200000, 0x00000000d9980000, 0x0000000100000000)
  eden space 50688K, 0% used [0x00000000d6200000,0x00000000d6200000,0x00000000d9380000)
  from space 512K, 68% used [0x00000000d9400000,0x00000000d9458000,0x00000000d9480000)
  to   space 3072K, 0% used [0x00000000d9680000,0x00000000d9680000,0x00000000d9980000)
 ParOldGen       total 104448K, used 21146K [0x0000000082600000, 0x0000000088c00000, 0x00000000d6200000)
  object space 104448K, 20% used [0x0000000082600000,0x0000000083aa69e0,0x0000000088c00000)
 Metaspace       used 44588K, capacity 48214K, committed 48344K, reserved 1091584K
  class space    used 5692K, capacity 6297K, committed 6400K, reserved 1048576K
}
Event: 43207.619 GC heap before
{Heap before GC invocations=52 (full 2):
 PSYoungGen      total 51200K, used 51040K [0x00000000d6200000, 0x00000000d9980000, 0x0000000100000000)
  eden space 50688K, 100% used [0x00000000d6200000,0x00000000d9380000,0x00000000d9380000)
  from space 512K, 68% used [0x00000000d9400000,0x00000000d9458000,0x00000000d9480000)
  to   space 3072K, 0% used [0x00000000d9680000,0x00000000d9680000,0x00000000d9980000)
 ParOldGen       total 104448K, used 21146K [0x0000000082600000, 0x0000000088c00000, 0x00000000d6200000)
  object space 104448K, 20% used [0x0000000082600000,0x0000000083aa69e0,0x0000000088c00000)
 Metaspace       used 44593K, capacity 48214K, committed 48344K, reserved 1091584K
  class space    used 5692K, capacity 6297K, committed 6400K, reserved 1048576K
Event: 43207.621 GC heap after
Heap after GC invocations=52 (full 2):
 PSYoungGen      total 51712K, used 320K [0x00000000d6200000, 0x00000000d9800000, 0x0000000100000000)
  eden space 50176K, 0% used [0x00000000d6200000,0x00000000d6200000,0x00000000d9300000)
  from space 1536K, 20% used [0x00000000d9680000,0x00000000d96d0000,0x00000000d9800000)
  to   space 2560K, 0% used [0x00000000d9300000,0x00000000d9300000,0x00000000d9580000)
 ParOldGen       total 104448K, used 21154K [0x0000000082600000, 0x0000000088c00000, 0x00000000d6200000)
  object space 104448K, 20% used [0x0000000082600000,0x0000000083aa89e0,0x0000000088c00000)
 Metaspace       used 44593K, capacity 48214K, committed 48344K, reserved 1091584K
  class space    used 5692K, capacity 6297K, committed 6400K, reserved 1048576K
}
Event: 43874.730 GC heap before
{Heap before GC invocations=53 (full 2):
 PSYoungGen      total 51712K, used 50496K [0x00000000d6200000, 0x00000000d9800000, 0x0000000100000000)
  eden space 50176K, 100% used [0x00000000d6200000,0x00000000d9300000,0x00000000d9300000)
  from space 1536K, 20% used [0x00000000d9680000,0x00000000d96d0000,0x00000000d9800000)
  to   space 2560K, 0% used [0x00000000d9300000,0x00000000d9300000,0x00000000d9580000)
 ParOldGen       total 104448K, used 21154K [0x0000000082600000, 0x0000000088c00000, 0x00000000d6200000)
  object space 104448K, 20% used [0x0000000082600000,0x0000000083aa89e0,0x0000000088c00000)
 Metaspace       used 44625K, capacity 48214K, committed 48344K, reserved 1091584K
  class space    used 5692K, capacity 6297K, committed 6400K, reserved 1048576K
Event: 43874.733 GC heap after
Heap after GC invocations=53 (full 2):
 PSYoungGen      total 50176K, used 384K [0x00000000d6200000, 0x00000000d9780000, 0x0000000100000000)
  eden space 49664K, 0% used [0x00000000d6200000,0x00000000d6200000,0x00000000d9280000)
  from space 512K, 75% used [0x00000000d9300000,0x00000000d9360000,0x00000000d9380000)
  to   space 2560K, 0% used [0x00000000d9500000,0x00000000d9500000,0x00000000d9780000)
 ParOldGen       total 104448K, used 21162K [0x0000000082600000, 0x0000000088c00000, 0x00000000d6200000)
  object space 104448K, 20% used [0x0000000082600000,0x0000000083aaa9e0,0x0000000088c00000)
 Metaspace       used 44625K, capacity 48214K, committed 48344K, reserved 1091584K
  class space    used 5692K, capacity 6297K, committed 6400K, reserved 1048576K
}
Event: 44538.354 GC heap before
{Heap before GC invocations=54 (full 2):
 PSYoungGen      total 50176K, used 50048K [0x00000000d6200000, 0x00000000d9780000, 0x0000000100000000)
  eden space 49664K, 100% used [0x00000000d6200000,0x00000000d9280000,0x00000000d9280000)
  from space 512K, 75% used [0x00000000d9300000,0x00000000d9360000,0x00000000d9380000)
  to   space 2560K, 0% used [0x00000000d9500000,0x00000000d9500000,0x00000000d9780000)
 ParOldGen       total 104448K, used 21162K [0x0000000082600000, 0x0000000088c00000, 0x00000000d6200000)
  object space 104448K, 20% used [0x0000000082600000,0x0000000083aaa9e0,0x0000000088c00000)
 Metaspace       used 44653K, capacity 48278K, committed 48600K, reserved 1091584K
  class space    used 5692K, capacity 6297K, committed 6400K, reserved 1048576K
Event: 44538.356 GC heap after
Heap after GC invocations=54 (full 2):
 PSYoungGen      total 51200K, used 288K [0x00000000d6200000, 0x00000000d9700000, 0x0000000100000000)
  eden space 49152K, 0% used [0x00000000d6200000,0x00000000d6200000,0x00000000d9200000)
  from space 2048K, 14% used [0x00000000d9500000,0x00000000d9548000,0x00000000d9700000)
  to   space 2560K, 0% used [0x00000000d9200000,0x00000000d9200000,0x00000000d9480000)
 ParOldGen       total 104448K, used 21170K [0x0000000082600000, 0x0000000088c00000, 0x00000000d6200000)
  object space 104448K, 20% used [0x0000000082600000,0x0000000083aac9e0,0x0000000088c00000)
 Metaspace       used 44653K, capacity 48278K, committed 48600K, reserved 1091584K
  class space    used 5692K, capacity 6297K, committed 6400K, reserved 1048576K
}

Deoptimization events (10 events):
Event: 40998.295 Thread 0x000001e0aa2d6800 Uncommon trap: reason=bimorphic action=maybe_recompile pc=0x000001e08ef9bd68 method=java.lang.Throwable.<init>(Ljava/lang/String;Ljava/lang/Throwable;)V @ 24
Event: 41002.596 Thread 0x000001e0aa2d2000 Uncommon trap: reason=unstable_if action=reinterpret pc=0x000001e08ea43820 method=java.util.concurrent.locks.AbstractQueuedSynchronizer.enq(Ljava/util/concurrent/locks/AbstractQueuedSynchronizer$Node;)Ljava/util/concurrent/locks/AbstractQueuedSynchronizer
Event: 41004.627 Thread 0x000001e0aa2d2000 Uncommon trap: reason=bimorphic action=maybe_recompile pc=0x000001e08ef9bd68 method=java.lang.Throwable.<init>(Ljava/lang/String;Ljava/lang/Throwable;)V @ 24
Event: 41004.627 Thread 0x000001e0aa2d2000 Uncommon trap: reason=class_check action=maybe_recompile pc=0x000001e08e74d26c method=com.mongodb.TagSet.equals(Ljava/lang/Object;)Z @ 37
Event: 41004.627 Thread 0x000001e0aa2d2000 Uncommon trap: reason=unstable_if action=reinterpret pc=0x000001e08f12af90 method=java.util.concurrent.locks.AbstractQueuedSynchronizer$ConditionObject.addConditionWaiter()Ljava/util/concurrent/locks/AbstractQueuedSynchronizer$Node; @ 15
Event: 41004.627 Thread 0x000001e0aa2d2000 Uncommon trap: reason=unstable_if action=reinterpret pc=0x000001e08f5d6b68 method=java.util.concurrent.locks.AbstractQueuedSynchronizer$ConditionObject.unlinkCancelledWaiters()V @ 48
Event: 41043.647 Thread 0x000001e0aa2d8000 Uncommon trap: reason=unstable_if action=reinterpret pc=0x000001e08ee5a398 method=java.util.concurrent.FutureTask.runAndReset()Z @ 4
Event: 41043.647 Thread 0x000001e0aa2d8000 Uncommon trap: reason=unstable_if action=reinterpret pc=0x000001e08efc3410 method=java.util.concurrent.ScheduledThreadPoolExecutor$DelayedWorkQueue.take()Ljava/util/concurrent/RunnableScheduledFuture; @ 17
Event: 41043.648 Thread 0x000001e0aa2d8000 Uncommon trap: reason=unstable_if action=reinterpret pc=0x000001e08f2983ec method=java.util.concurrent.locks.AbstractQueuedSynchronizer$ConditionObject.addConditionWaiter()Ljava/util/concurrent/locks/AbstractQueuedSynchronizer$Node; @ 15
Event: 44058.738 Thread 0x000001e0aa711800 Uncommon trap: reason=unstable_if action=reinterpret pc=0x000001e08e71f454 method=java.util.concurrent.locks.AbstractQueuedSynchronizer.acquireQueued(Ljava/util/concurrent/locks/AbstractQueuedSynchronizer$Node;I)Z @ 17

Classes redefined (0 events):
No events

Internal exceptions (10 events):
Event: 44986.033 Thread 0x000001e0aa2d6800 Exception <a 'java/net/ConnectException': Connection refused: connect> (0x00000000d8313478) thrown at [J:\jenkins\tmp\workspace\build\src\hotspot\src\share\vm\prims\jni.cpp, line 738]
Event: 44992.950 Thread 0x000001e0aa2d2000 Exception <a 'java/net/ConnectException': Connection refused: connect> (0x00000000d8315d60) thrown at [J:\jenkins\tmp\workspace\build\src\hotspot\src\share\vm\prims\jni.cpp, line 738]
Event: 44998.100 Thread 0x000001e0aa2d6800 Exception <a 'java/net/ConnectException': Connection refused: connect> (0x00000000d83147d8) thrown at [J:\jenkins\tmp\workspace\build\src\hotspot\src\share\vm\prims\jni.cpp, line 738]
Event: 45004.998 Thread 0x000001e0aa2d2000 Exception <a 'java/net/ConnectException': Connection refused: connect> (0x00000000d83175f8) thrown at [J:\jenkins\tmp\workspace\build\src\hotspot\src\share\vm\prims\jni.cpp, line 738]
Event: 45010.136 Thread 0x000001e0aa2d6800 Exception <a 'java/net/ConnectException': Connection refused: connect> (0x00000000d8409608) thrown at [J:\jenkins\tmp\workspace\build\src\hotspot\src\share\vm\prims\jni.cpp, line 738]
Event: 45017.027 Thread 0x000001e0aa2d2000 Exception <a 'java/net/ConnectException': Connection refused: connect> (0x00000000d8407928) thrown at [J:\jenkins\tmp\workspace\build\src\hotspot\src\share\vm\prims\jni.cpp, line 738]
Event: 45022.173 Thread 0x000001e0aa2d6800 Exception <a 'java/net/ConnectException': Connection refused: connect> (0x00000000d84f9e58) thrown at [J:\jenkins\tmp\workspace\build\src\hotspot\src\share\vm\prims\jni.cpp, line 738]
Event: 45029.118 Thread 0x000001e0aa2d2000 Exception <a 'java/net/ConnectException': Connection refused: connect> (0x00000000d85eaba8) thrown at [J:\jenkins\tmp\workspace\build\src\hotspot\src\share\vm\prims\jni.cpp, line 738]
Event: 45034.247 Thread 0x000001e0aa2d6800 Exception <a 'java/net/ConnectException': Connection refused: connect> (0x00000000d84fb1b8) thrown at [J:\jenkins\tmp\workspace\build\src\hotspot\src\share\vm\prims\jni.cpp, line 738]
Event: 45041.174 Thread 0x000001e0aa2d2000 Exception <a 'java/net/ConnectException': Connection refused: connect> (0x00000000d85ec440) thrown at [J:\jenkins\tmp\workspace\build\src\hotspot\src\share\vm\prims\jni.cpp, line 738]

Events (10 events):
Event: 44538.357 Executing VM operation: RevokeBias
Event: 44538.357 Executing VM operation: RevokeBias done
Event: 44538.357 Executing VM operation: RevokeBias
Event: 44538.357 Executing VM operation: RevokeBias done
Event: 44538.357 Executing VM operation: RevokeBias
Event: 44538.357 Executing VM operation: RevokeBias done
Event: 44538.357 Executing VM operation: BulkRevokeBias
Event: 44538.357 Executing VM operation: BulkRevokeBias done
Event: 44610.608 Thread 0x000001e0a53b7800 flushing nmethod 0x000001e08e676690
Event: 44694.964 Thread 0x000001e0a53aa000 flushing nmethod 0x000001e08e788fd0


Dynamic libraries:
0x00007ff6adff0000 - 0x00007ff6ae02a000 	C:\Program Files\AdoptOpenJDK\jdk-8.0.265.01-hotspot\bin\java.exe
0x00007ff99ba10000 - 0x00007ff99bc08000 	C:\WINDOWS\SYSTEM32\ntdll.dll
0x00007ff99b7f0000 - 0x00007ff99b8af000 	C:\WINDOWS\System32\KERNEL32.DLL
0x00007ff999680000 - 0x00007ff999976000 	C:\WINDOWS\System32\KERNELBASE.dll
0x00007ff99acf0000 - 0x00007ff99ad9f000 	C:\WINDOWS\System32\ADVAPI32.dll
0x00007ff99b8b0000 - 0x00007ff99b94e000 	C:\WINDOWS\System32\msvcrt.dll
0x00007ff99a980000 - 0x00007ff99aa1c000 	C:\WINDOWS\System32\sechost.dll
0x00007ff99aa50000 - 0x00007ff99ab76000 	C:\WINDOWS\System32\RPCRT4.dll
0x00007ff999fd0000 - 0x00007ff99a16d000 	C:\WINDOWS\System32\USER32.dll
0x00007ff999430000 - 0x00007ff999452000 	C:\WINDOWS\System32\win32u.dll
0x00007ff999a70000 - 0x00007ff999a9c000 	C:\WINDOWS\System32\GDI32.dll
0x00007ff999560000 - 0x00007ff999675000 	C:\WINDOWS\System32\gdi32full.dll
0x00007ff999980000 - 0x00007ff999a1d000 	C:\WINDOWS\System32\msvcp_win.dll
0x00007ff999460000 - 0x00007ff999560000 	C:\WINDOWS\System32\ucrtbase.dll
0x00007ff981f70000 - 0x00007ff98220a000 	C:\WINDOWS\WinSxS\amd64_microsoft.windows.common-controls_6595b64144ccf1df_6.0.19041.1110_none_60b5254171f9507e\COMCTL32.dll
0x00007ff99aa20000 - 0x00007ff99aa50000 	C:\WINDOWS\System32\IMM32.DLL
0x00007ff932020000 - 0x00007ff93210f000 	C:\Program Files\AdoptOpenJDK\jdk-8.0.265.01-hotspot\jre\bin\msvcr120.dll
0x00007ff931f70000 - 0x00007ff932016000 	C:\Program Files\AdoptOpenJDK\jdk-8.0.265.01-hotspot\jre\bin\msvcp120.dll
0x00000000718a0000 - 0x0000000072106000 	C:\Program Files\AdoptOpenJDK\jdk-8.0.265.01-hotspot\jre\bin\server\jvm.dll
0x00007ff99a900000 - 0x00007ff99a908000 	C:\WINDOWS\System32\PSAPI.DLL
0x00007ff97b1a0000 - 0x00007ff97b1a9000 	C:\WINDOWS\SYSTEM32\WSOCK32.dll
0x00007ff9800d0000 - 0x00007ff9800f7000 	C:\WINDOWS\SYSTEM32\WINMM.dll
0x00007ff992980000 - 0x00007ff99298a000 	C:\WINDOWS\SYSTEM32\VERSION.dll
0x00007ff99a6b0000 - 0x00007ff99a71b000 	C:\WINDOWS\System32\WS2_32.dll
0x00007ff993e60000 - 0x00007ff993e6f000 	C:\Program Files\AdoptOpenJDK\jdk-8.0.265.01-hotspot\jre\bin\verify.dll
0x00007ff97a490000 - 0x00007ff97a4b8000 	C:\Program Files\AdoptOpenJDK\jdk-8.0.265.01-hotspot\jre\bin\java.dll
0x00007ff996420000 - 0x00007ff99644a000 	C:\Program Files\AdoptOpenJDK\jdk-8.0.265.01-hotspot\jre\bin\instrument.dll
0x00007ff9790f0000 - 0x00007ff979106000 	C:\Program Files\AdoptOpenJDK\jdk-8.0.265.01-hotspot\jre\bin\zip.dll
0x00007ff99b0a0000 - 0x00007ff99b7e4000 	C:\WINDOWS\System32\SHELL32.dll
0x00007ff997140000 - 0x00007ff9978d4000 	C:\WINDOWS\SYSTEM32\windows.storage.dll
0x00007ff999be0000 - 0x00007ff999f34000 	C:\WINDOWS\System32\combase.dll
0x00007ff998b10000 - 0x00007ff998b3e000 	C:\WINDOWS\SYSTEM32\Wldp.dll
0x00007ff99aff0000 - 0x00007ff99b09d000 	C:\WINDOWS\System32\SHCORE.dll
0x00007ff999aa0000 - 0x00007ff999af5000 	C:\WINDOWS\System32\shlwapi.dll
0x00007ff999020000 - 0x00007ff999045000 	C:\WINDOWS\SYSTEM32\profapi.dll
0x00007ff9933d0000 - 0x00007ff9933ea000 	D:\IntelliJ IDEA Community Edition 2022.1.4\bin\breakgen64.dll
0x00007ff931c90000 - 0x00007ff931caa000 	C:\Program Files\AdoptOpenJDK\jdk-8.0.265.01-hotspot\jre\bin\net.dll
0x00007ff998830000 - 0x00007ff99889a000 	C:\WINDOWS\system32\mswsock.dll
0x00007ff996410000 - 0x00007ff99641d000 	C:\Program Files\AdoptOpenJDK\jdk-8.0.265.01-hotspot\jre\bin\management.dll
0x00007ff97a570000 - 0x00007ff97a587000 	C:\WINDOWS\system32\napinsp.dll
0x00007ff979170000 - 0x00007ff97918b000 	C:\WINDOWS\system32\pnrpnsp.dll
0x00007ff979150000 - 0x00007ff979165000 	C:\WINDOWS\system32\wshbth.dll
0x00007ff9946a0000 - 0x00007ff9946bd000 	C:\WINDOWS\system32\NLAapi.dll
0x00007ff9984f0000 - 0x00007ff99852c000 	C:\WINDOWS\SYSTEM32\IPHLPAPI.DLL
0x00007ff998530000 - 0x00007ff9985fa000 	C:\WINDOWS\SYSTEM32\DNSAPI.dll
0x00007ff99a8d0000 - 0x00007ff99a8d8000 	C:\WINDOWS\System32\NSI.dll
0x00007ff979130000 - 0x00007ff979142000 	C:\WINDOWS\System32\winrnr.dll
0x00007ff98a390000 - 0x00007ff98a39a000 	C:\Windows\System32\rasadhlp.dll
0x00007ff98a7e0000 - 0x00007ff98a862000 	C:\WINDOWS\System32\fwpuclnt.dll
0x00007ff9990f0000 - 0x00007ff999117000 	C:\WINDOWS\System32\bcrypt.dll
0x00007ff931cb0000 - 0x00007ff931cc2000 	C:\Program Files\AdoptOpenJDK\jdk-8.0.265.01-hotspot\jre\bin\nio.dll
0x00007ff9989e0000 - 0x00007ff9989f8000 	C:\WINDOWS\SYSTEM32\CRYPTSP.dll
0x00007ff998100000 - 0x00007ff998134000 	C:\WINDOWS\system32\rsaenh.dll
0x00007ff998fe0000 - 0x00007ff99900e000 	C:\WINDOWS\SYSTEM32\USERENV.dll
0x00007ff9991d0000 - 0x00007ff999252000 	C:\WINDOWS\System32\bcryptprimitives.dll
0x00007ff9989d0000 - 0x00007ff9989dc000 	C:\WINDOWS\SYSTEM32\CRYPTBASE.dll
0x00007ff991780000 - 0x00007ff991797000 	C:\WINDOWS\SYSTEM32\dhcpcsvc6.DLL
0x00007ff991760000 - 0x00007ff99177d000 	C:\WINDOWS\SYSTEM32\dhcpcsvc.DLL
0x00007ff97c650000 - 0x00007ff97c673000 	C:\Program Files\AdoptOpenJDK\jdk-8.0.265.01-hotspot\jre\bin\sunec.dll
0x00007ff993370000 - 0x00007ff99337c000 	C:\Program Files\AdoptOpenJDK\jdk-8.0.265.01-hotspot\jre\bin\sunmscapi.dll
0x00007ff999260000 - 0x00007ff9993be000 	C:\WINDOWS\System32\CRYPT32.dll
0x00007ff998ba0000 - 0x00007ff998bc8000 	C:\WINDOWS\SYSTEM32\ncrypt.dll
0x00007ff998b60000 - 0x00007ff998b9b000 	C:\WINDOWS\SYSTEM32\NTASN1.dll

VM Arguments:
jvm_args: -javaagent:D:\IntelliJ IDEA Community Edition 2022.1.4\lib\idea_rt.jar=1639:D:\IntelliJ IDEA Community Edition 2022.1.4\bin -Dfile.encoding=UTF-8 
java_command: com.movie.movie.MovieApplication
java_class_path (initial): C:\Program Files\AdoptOpenJDK\jdk-8.0.265.01-hotspot\jre\lib\charsets.jar;C:\Program Files\AdoptOpenJDK\jdk-8.0.265.01-hotspot\jre\lib\ext\access-bridge-64.jar;C:\Program Files\AdoptOpenJDK\jdk-8.0.265.01-hotspot\jre\lib\ext\cldrdata.jar;C:\Program Files\AdoptOpenJDK\jdk-8.0.265.01-hotspot\jre\lib\ext\dnsns.jar;C:\Program Files\AdoptOpenJDK\jdk-8.0.265.01-hotspot\jre\lib\ext\jaccess.jar;C:\Program Files\AdoptOpenJDK\jdk-8.0.265.01-hotspot\jre\lib\ext\localedata.jar;C:\Program Files\AdoptOpenJDK\jdk-8.0.265.01-hotspot\jre\lib\ext\nashorn.jar;C:\Program Files\AdoptOpenJDK\jdk-8.0.265.01-hotspot\jre\lib\ext\sunec.jar;C:\Program Files\AdoptOpenJDK\jdk-8.0.265.01-hotspot\jre\lib\ext\sunjce_provider.jar;C:\Program Files\AdoptOpenJDK\jdk-8.0.265.01-hotspot\jre\lib\ext\sunmscapi.jar;C:\Program Files\AdoptOpenJDK\jdk-8.0.265.01-hotspot\jre\lib\ext\sunpkcs11.jar;C:\Program Files\AdoptOpenJDK\jdk-8.0.265.01-hotspot\jre\lib\ext\zipfs.jar;C:\Program Files\AdoptOpenJDK\jdk-8.0.265.01-hotspot\jre\lib\jce.jar;C:\Program Files\AdoptOpenJDK\jdk-8.0.265.01-hotspot\jre\lib\jfr.jar;C:\Program Files\AdoptOpenJDK\jdk-8.0.265.01-hotspot\jre\lib\jsse.jar;C:\Program Files\AdoptOpenJDK\jdk-8.0.265.01-hotspot\jre\lib\management-agent.jar;C:\Program Files\AdoptOpenJDK\jdk-8.0.265.01-hotspot\jre\lib\resources.jar;C:\Program Files\AdoptOpenJDK\jdk-8.0.265.01-hotspot\jre\lib\rt.jar;F:\moviemap\movie_backend\target\classes;C:\Users\hp\.m2\repository\org\springframework\boot\spring-boot-starter-data-mongodb\2.7.13\spring-boot-starter-data-mongodb-2.7.13.jar;C:\Users\hp\.m2\repository\org\springframework\boot\spring-boot-starter\2.7.13\spring-boot-starter-2.7.13.jar;C:\Users\hp\.m2\repository\org\springframework\boot\spring-boot-starter-logging\2.7.13\spring-boot-starter-logging-2.7.13.jar;C:\Users\hp\.m2\repository\ch\qos\logback\logback-classic\1.2.12\logback-classic-1.2.12.jar;C:\Users\hp\.m2\repository\ch\qos\logback\logback-core\1.2.12\logback-core-1.2.12.jar;C:\User
Launcher Type: SUN_STANDARD

Environment Variables:
JAVA_HOME=D:\jdk
CLASSPATH=.;D:\jdk\lib\dt.jar;D:\jdk\lib\tools.jar
USERNAME=hp
OS=Windows_NT
PROCESSOR_IDENTIFIER=Intel64 Family 6 Model 158 Stepping 10, GenuineIntel



---------------  S Y S T E M  ---------------

OS: Windows 10.0 , 64 bit Build 19041 (10.0.19041.3155)

CPU:total 12 (initial active 12) (6 cores per cpu, 2 threads per core) family 6 model 158 stepping 10, cmov, cx8, fxsr, mmx, sse, sse2, sse3, ssse3, sse4.1, sse4.2, popcnt, avx, avx2, aes, clmul, erms, 3dnowpref, lzcnt, ht, tsc, tscinvbit, bmi1, bmi2, adx

Memory: 4k page, physical 8224952k(1609268k free), swap 73219260k(204k free)

vm_info: OpenJDK 64-Bit Server VM (25.265-b01) for windows-amd64 JRE (1.8.0_265-b01), built on Jul 28 2020 15:11:27 by "jenkins" with MS VC++ 12.0 (VS2013)

time: Wed Aug 02 08:44:00 2023
timezone: ?D1¨²¡À¨º¡Á?¨º¡À??
elapsed time: 45041 seconds (0d 12h 30m 41s)

