#
# There is insufficient memory for the Java Runtime Environment to continue.
# Native memory allocation (malloc) failed to allocate 131088 bytes for Chunk::new
# Possible reasons:
#   The system is out of physical RAM or swap space
#   The process is running with CompressedOops enabled, and the Java Heap may be blocking the growth of the native heap
# Possible solutions:
#   Reduce memory load on the system
#   Increase physical memory or swap space
#   Check if swap backing store is full
#   Decrease Java heap size (-Xmx/-Xms)
#   Decrease number of Java threads
#   Decrease Java thread stack sizes (-Xss)
#   Set larger code cache with -XX:ReservedCodeCacheSize=
#   JVM is running with Unscaled Compressed Oops mode in which the Java heap is
#     placed in the first 4GB address space. The Java Heap base address is the
#     maximum limit for the native heap growth. Please use -XX:HeapBaseMinAddress
#     to set the Java Heap base and to place the Java Heap above 4GB virtual address.
# This output file may be truncated or incomplete.
#
#  Out of Memory Error (allocation.cpp:389), pid=14236, tid=0x000000000000069c
#
# JRE version: OpenJDK Runtime Environment (8.0_265-b01) (build 1.8.0_265-b01)
# Java VM: OpenJDK 64-Bit Server VM (25.265-b01 mixed mode windows-amd64 compressed oops)
# Failed to write core dump. Minidumps are not enabled by default on client versions of Windows
#

---------------  T H R E A D  ---------------

Current thread (0x000002021403c000):  JavaThread "C2 CompilerThread2" daemon [_thread_in_native, id=1692, stack(0x0000008a7d500000,0x0000008a7d600000)]

Stack: [0x0000008a7d500000,0x0000008a7d600000]
[error occurred during error reporting (printing stack bounds), id 0xc0000005]

Native frames: (J=compiled Java code, j=interpreted, Vv=VM code, C=native code)


Current CompileTask:
C2:43808718 7019   !   4       java.util.Formatter::format (271 bytes)


---------------  P R O C E S S  ---------------

Java Threads: ( => current thread )
  0x000002021835a000 JavaThread "DestroyJavaVM" [_thread_blocked, id=17540, stack(0x0000008a7c200000,0x0000008a7c300000)]
  0x000002021835f000 JavaThread "http-nio-8080-Acceptor" daemon [_thread_in_native, id=17576, stack(0x0000008a7f000000,0x0000008a7f100000)]
  0x000002021835c800 JavaThread "http-nio-8080-Poller" daemon [_thread_in_native, id=17472, stack(0x0000008a7ef00000,0x0000008a7f000000)]
  0x000002021835f800 JavaThread "http-nio-8080-exec-10" daemon [_thread_blocked, id=17608, stack(0x0000008a7ee00000,0x0000008a7ef00000)]
  0x0000020218361000 JavaThread "http-nio-8080-exec-9" daemon [_thread_blocked, id=9084, stack(0x0000008a7ed00000,0x0000008a7ee00000)]
  0x000002021835b800 JavaThread "http-nio-8080-exec-8" daemon [_thread_blocked, id=17604, stack(0x0000008a7ec00000,0x0000008a7ed00000)]
  0x0000020218360800 JavaThread "http-nio-8080-exec-7" daemon [_thread_blocked, id=11240, stack(0x0000008a7eb00000,0x0000008a7ec00000)]
  0x000002021835b000 JavaThread "http-nio-8080-exec-6" daemon [_thread_blocked, id=11028, stack(0x0000008a7ea00000,0x0000008a7eb00000)]
  0x000002021835e000 JavaThread "http-nio-8080-exec-5" daemon [_thread_blocked, id=11252, stack(0x0000008a7e900000,0x0000008a7ea00000)]
  0x000002021835d000 JavaThread "http-nio-8080-exec-4" daemon [_thread_blocked, id=12812, stack(0x0000008a7e800000,0x0000008a7e900000)]
  0x00000202167f7000 JavaThread "http-nio-8080-exec-3" daemon [_thread_blocked, id=9152, stack(0x0000008a7e700000,0x0000008a7e800000)]
  0x00000202167f8800 JavaThread "http-nio-8080-exec-2" daemon [_thread_blocked, id=7328, stack(0x0000008a7e600000,0x0000008a7e700000)]
  0x00000202167f6000 JavaThread "http-nio-8080-exec-1" daemon [_thread_blocked, id=12996, stack(0x0000008a7e500000,0x0000008a7e600000)]
  0x00000202167f5800 JavaThread "Live Reload Server" daemon [_thread_in_native, id=17844, stack(0x0000008a7e400000,0x0000008a7e500000)]
  0x0000020219964000 JavaThread "MaintenanceTimer-2-thread-1" daemon [_thread_blocked, id=10416, stack(0x0000008a7e200000,0x0000008a7e300000)]
  0x000002021977c000 JavaThread "cluster-rtt-ClusterId{value='64de090fb415462e2d2e6626', description='null'}-localhost:27017" daemon [_thread_in_native, id=16084, stack(0x0000008a7e000000,0x0000008a7e100000)]
  0x0000020219472800 JavaThread "cluster-ClusterId{value='64de090fb415462e2d2e6626', description='null'}-localhost:27017" daemon [_thread_in_native, id=6008, stack(0x0000008a7df00000,0x0000008a7e000000)]
  0x00000202168f3000 JavaThread "BufferPoolPruner-1-thread-1" daemon [_thread_blocked, id=10228, stack(0x0000008a7de00000,0x0000008a7df00000)]
  0x00000202185f6000 JavaThread "container-0" [_thread_blocked, id=10896, stack(0x0000008a7dd00000,0x0000008a7de00000)]
  0x0000020218b51800 JavaThread "Catalina-utility-2" [_thread_blocked, id=15080, stack(0x0000008a7dc00000,0x0000008a7dd00000)]
  0x00000202198f7000 JavaThread "Catalina-utility-1" [_thread_blocked, id=1012, stack(0x0000008a7db00000,0x0000008a7dc00000)]
  0x00000202140e4000 JavaThread "Service Thread" daemon [_thread_blocked, id=13624, stack(0x0000008a7d700000,0x0000008a7d800000)]
  0x0000020214046800 JavaThread "C1 CompilerThread3" daemon [_thread_blocked, id=12768, stack(0x0000008a7d600000,0x0000008a7d700000)]
=>0x000002021403c000 JavaThread "C2 CompilerThread2" daemon [_thread_in_native, id=1692, stack(0x0000008a7d500000,0x0000008a7d600000)]
  0x000002021403b000 JavaThread "C2 CompilerThread1" daemon [_thread_blocked, id=10840, stack(0x0000008a7d400000,0x0000008a7d500000)]
  0x0000020214034800 JavaThread "C2 CompilerThread0" daemon [_thread_blocked, id=2656, stack(0x0000008a7d300000,0x0000008a7d400000)]
  0x000002027eacd800 JavaThread "Attach Listener" daemon [_thread_blocked, id=17808, stack(0x0000008a7d100000,0x0000008a7d200000)]
  0x0000020213dfb800 JavaThread "Signal Dispatcher" daemon [_thread_blocked, id=8460, stack(0x0000008a7d000000,0x0000008a7d100000)]
  0x000002027ea94000 JavaThread "Finalizer" daemon [_thread_blocked, id=9968, stack(0x0000008a7cf00000,0x0000008a7d000000)]
  0x000002027ea8c000 JavaThread "Reference Handler" daemon [_thread_blocked, id=9876, stack(0x0000008a7ce00000,0x0000008a7cf00000)]

Other Threads:
  0x000002027ea61000 VMThread [stack: 0x0000008a7cd00000,0x0000008a7ce00000] [id=4324]
  0x00000202140e8800 WatcherThread [stack: 0x0000008a7d800000,0x0000008a7d900000] [id=16096]

VM state:not at safepoint (normal execution)

VM Mutex/Monitor currently owned by a thread: None

OutOfMemory and StackOverflow Exception counts:
StackOverflowErrors=1

heap address: 0x0000000082600000, size: 2010 MB, Compressed Oops mode: 32-bit
Narrow klass base: 0x0000000000000000, Narrow klass shift: 3
Compressed class space size: 1073741824 Address: 0x0000000100000000

Heap:
 PSYoungGen      total 32256K, used 7719K [0x00000000d6200000, 0x00000000d8280000, 0x0000000100000000)
  eden space 31232K, 23% used [0x00000000d6200000,0x00000000d6929f80,0x00000000d8080000)
  from space 1024K, 37% used [0x00000000d8180000,0x00000000d81e0000,0x00000000d8280000)
  to   space 1024K, 0% used [0x00000000d8080000,0x00000000d8080000,0x00000000d8180000)
 ParOldGen       total 83456K, used 61220K [0x0000000082600000, 0x0000000087780000, 0x00000000d6200000)
  object space 83456K, 73% used [0x0000000082600000,0x00000000861c9328,0x0000000087780000)
 Metaspace       used 44417K, capacity 48206K, committed 48424K, reserved 1091584K
  class space    used 5759K, capacity 6387K, committed 6440K, reserved 1048576K

Card table byte_map: [0x000002027d560000,0x000002027d950000] byte_map_base: 0x000002027d14d000

Marking Bits: (ParMarkBitMap*) 0x0000000060bb7790
 Begin Bits: [0x000002020f000000, 0x0000020210f68000)
 End Bits:   [0x0000020210f68000, 0x0000020212ed0000)

Polling page: 0x000002027b610000

CodeCache: size=245760Kb used=18653Kb max_used=18824Kb free=227106Kb
 bounds [0x0000020200000000, 0x0000020201290000, 0x000002020f000000]
 total_blobs=6103 nmethods=5629 adapters=386
 compilation: enabled

Compilation events (10 events):
Event: 40556.585 Thread 0x0000020214034800 nmethod 7014 0x00000202001add10 code [0x00000202001ade40, 0x00000202001adef8]
Event: 42605.078 Thread 0x0000020214046800 7015       1       com.mongodb.connection.ServerType$9::getClusterType (4 bytes)
Event: 42605.079 Thread 0x0000020214046800 nmethod 7015 0x0000020201035650 code [0x00000202010357a0, 0x00000202010358b8]
Event: 43121.969 Thread 0x000002021403c000 7016       4       java.net.InetSocketAddress::checkPort (39 bytes)
Event: 43121.969 Thread 0x000002021403c000 nmethod 7016 0x0000020200d598d0 code [0x0000020200d59a00, 0x0000020200d59a78]
Event: 43362.954 Thread 0x0000020214034800 7017       4       java.net.AbstractPlainSocketImpl::<init> (72 bytes)
Event: 43362.956 Thread 0x0000020214034800 nmethod 7017 0x0000020200e0da50 code [0x0000020200e0dba0, 0x0000020200e0dd58]
Event: 43401.153 Thread 0x000002021403b000 7018   !   4       com.mongodb.internal.connection.SocketStream::close (24 bytes)
Event: 43401.154 Thread 0x000002021403b000 nmethod 7018 0x0000020201081850 code [0x0000020201081980, 0x00000202010819f8]
Event: 43808.706 Thread 0x000002021403c000 7019   !   4       java.util.Formatter::format (271 bytes)

GC Heap History (10 events):
Event: 35166.533 GC heap before
{Heap before GC invocations=98 (full 2):
 PSYoungGen      total 32256K, used 31552K [0x00000000d6200000, 0x00000000d8280000, 0x0000000100000000)
  eden space 31232K, 100% used [0x00000000d6200000,0x00000000d8080000,0x00000000d8080000)
  from space 1024K, 31% used [0x00000000d8080000,0x00000000d80d0000,0x00000000d8180000)
  to   space 1024K, 0% used [0x00000000d8180000,0x00000000d8180000,0x00000000d8280000)
 ParOldGen       total 83456K, used 61220K [0x0000000082600000, 0x0000000087780000, 0x00000000d6200000)
  object space 83456K, 73% used [0x0000000082600000,0x00000000861c9328,0x0000000087780000)
 Metaspace       used 44407K, capacity 48200K, committed 48424K, reserved 1091584K
  class space    used 5757K, capacity 6386K, committed 6440K, reserved 1048576K
Event: 35166.535 GC heap after
Heap after GC invocations=98 (full 2):
 PSYoungGen      total 32256K, used 224K [0x00000000d6200000, 0x00000000d8280000, 0x0000000100000000)
  eden space 31232K, 0% used [0x00000000d6200000,0x00000000d6200000,0x00000000d8080000)
  from space 1024K, 21% used [0x00000000d8180000,0x00000000d81b8000,0x00000000d8280000)
  to   space 1024K, 0% used [0x00000000d8080000,0x00000000d8080000,0x00000000d8180000)
 ParOldGen       total 83456K, used 61220K [0x0000000082600000, 0x0000000087780000, 0x00000000d6200000)
  object space 83456K, 73% used [0x0000000082600000,0x00000000861c9328,0x0000000087780000)
 Metaspace       used 44407K, capacity 48200K, committed 48424K, reserved 1091584K
  class space    used 5757K, capacity 6386K, committed 6440K, reserved 1048576K
}
Event: 35418.184 GC heap before
{Heap before GC invocations=99 (full 2):
 PSYoungGen      total 32256K, used 31456K [0x00000000d6200000, 0x00000000d8280000, 0x0000000100000000)
  eden space 31232K, 100% used [0x00000000d6200000,0x00000000d8080000,0x00000000d8080000)
  from space 1024K, 21% used [0x00000000d8180000,0x00000000d81b8000,0x00000000d8280000)
  to   space 1024K, 0% used [0x00000000d8080000,0x00000000d8080000,0x00000000d8180000)
 ParOldGen       total 83456K, used 61220K [0x0000000082600000, 0x0000000087780000, 0x00000000d6200000)
  object space 83456K, 73% used [0x0000000082600000,0x00000000861c9328,0x0000000087780000)
 Metaspace       used 44407K, capacity 48200K, committed 48424K, reserved 1091584K
  class space    used 5757K, capacity 6386K, committed 6440K, reserved 1048576K
Event: 35418.186 GC heap after
Heap after GC invocations=99 (full 2):
 PSYoungGen      total 32256K, used 128K [0x00000000d6200000, 0x00000000d8280000, 0x0000000100000000)
  eden space 31232K, 0% used [0x00000000d6200000,0x00000000d6200000,0x00000000d8080000)
  from space 1024K, 12% used [0x00000000d8080000,0x00000000d80a0000,0x00000000d8180000)
  to   space 1024K, 0% used [0x00000000d8180000,0x00000000d8180000,0x00000000d8280000)
 ParOldGen       total 83456K, used 61220K [0x0000000082600000, 0x0000000087780000, 0x00000000d6200000)
  object space 83456K, 73% used [0x0000000082600000,0x00000000861c9328,0x0000000087780000)
 Metaspace       used 44407K, capacity 48200K, committed 48424K, reserved 1091584K
  class space    used 5757K, capacity 6386K, committed 6440K, reserved 1048576K
}
Event: 35669.906 GC heap before
{Heap before GC invocations=100 (full 2):
 PSYoungGen      total 32256K, used 31360K [0x00000000d6200000, 0x00000000d8280000, 0x0000000100000000)
  eden space 31232K, 100% used [0x00000000d6200000,0x00000000d8080000,0x00000000d8080000)
  from space 1024K, 12% used [0x00000000d8080000,0x00000000d80a0000,0x00000000d8180000)
  to   space 1024K, 0% used [0x00000000d8180000,0x00000000d8180000,0x00000000d8280000)
 ParOldGen       total 83456K, used 61220K [0x0000000082600000, 0x0000000087780000, 0x00000000d6200000)
  object space 83456K, 73% used [0x0000000082600000,0x00000000861c9328,0x0000000087780000)
 Metaspace       used 44407K, capacity 48200K, committed 48424K, reserved 1091584K
  class space    used 5757K, capacity 6386K, committed 6440K, reserved 1048576K
Event: 35669.908 GC heap after
Heap after GC invocations=100 (full 2):
 PSYoungGen      total 32256K, used 192K [0x00000000d6200000, 0x00000000d8280000, 0x0000000100000000)
  eden space 31232K, 0% used [0x00000000d6200000,0x00000000d6200000,0x00000000d8080000)
  from space 1024K, 18% used [0x00000000d8180000,0x00000000d81b0000,0x00000000d8280000)
  to   space 1024K, 0% used [0x00000000d8080000,0x00000000d8080000,0x00000000d8180000)
 ParOldGen       total 83456K, used 61220K [0x0000000082600000, 0x0000000087780000, 0x00000000d6200000)
  object space 83456K, 73% used [0x0000000082600000,0x00000000861c9328,0x0000000087780000)
 Metaspace       used 44407K, capacity 48200K, committed 48424K, reserved 1091584K
  class space    used 5757K, capacity 6386K, committed 6440K, reserved 1048576K
}
Event: 35921.616 GC heap before
{Heap before GC invocations=101 (full 2):
 PSYoungGen      total 32256K, used 31424K [0x00000000d6200000, 0x00000000d8280000, 0x0000000100000000)
  eden space 31232K, 100% used [0x00000000d6200000,0x00000000d8080000,0x00000000d8080000)
  from space 1024K, 18% used [0x00000000d8180000,0x00000000d81b0000,0x00000000d8280000)
  to   space 1024K, 0% used [0x00000000d8080000,0x00000000d8080000,0x00000000d8180000)
 ParOldGen       total 83456K, used 61220K [0x0000000082600000, 0x0000000087780000, 0x00000000d6200000)
  object space 83456K, 73% used [0x0000000082600000,0x00000000861c9328,0x0000000087780000)
 Metaspace       used 44407K, capacity 48200K, committed 48424K, reserved 1091584K
  class space    used 5757K, capacity 6386K, committed 6440K, reserved 1048576K
Event: 35921.618 GC heap after
Heap after GC invocations=101 (full 2):
 PSYoungGen      total 32256K, used 160K [0x00000000d6200000, 0x00000000d8280000, 0x0000000100000000)
  eden space 31232K, 0% used [0x00000000d6200000,0x00000000d6200000,0x00000000d8080000)
  from space 1024K, 15% used [0x00000000d8080000,0x00000000d80a8000,0x00000000d8180000)
  to   space 1024K, 0% used [0x00000000d8180000,0x00000000d8180000,0x00000000d8280000)
 ParOldGen       total 83456K, used 61220K [0x0000000082600000, 0x0000000087780000, 0x00000000d6200000)
  object space 83456K, 73% used [0x0000000082600000,0x00000000861c9328,0x0000000087780000)
 Metaspace       used 44407K, capacity 48200K, committed 48424K, reserved 1091584K
  class space    used 5757K, capacity 6386K, committed 6440K, reserved 1048576K
}
Event: 37277.473 GC heap before
{Heap before GC invocations=102 (full 2):
 PSYoungGen      total 32256K, used 31392K [0x00000000d6200000, 0x00000000d8280000, 0x0000000100000000)
  eden space 31232K, 100% used [0x00000000d6200000,0x00000000d8080000,0x00000000d8080000)
  from space 1024K, 15% used [0x00000000d8080000,0x00000000d80a8000,0x00000000d8180000)
  to   space 1024K, 0% used [0x00000000d8180000,0x00000000d8180000,0x00000000d8280000)
 ParOldGen       total 83456K, used 61220K [0x0000000082600000, 0x0000000087780000, 0x00000000d6200000)
  object space 83456K, 73% used [0x0000000082600000,0x00000000861c9328,0x0000000087780000)
 Metaspace       used 44417K, capacity 48206K, committed 48424K, reserved 1091584K
  class space    used 5759K, capacity 6387K, committed 6440K, reserved 1048576K
Event: 37277.475 GC heap after
Heap after GC invocations=102 (full 2):
 PSYoungGen      total 32256K, used 384K [0x00000000d6200000, 0x00000000d8280000, 0x0000000100000000)
  eden space 31232K, 0% used [0x00000000d6200000,0x00000000d6200000,0x00000000d8080000)
  from space 1024K, 37% used [0x00000000d8180000,0x00000000d81e0000,0x00000000d8280000)
  to   space 1024K, 0% used [0x00000000d8080000,0x00000000d8080000,0x00000000d8180000)
 ParOldGen       total 83456K, used 61220K [0x0000000082600000, 0x0000000087780000, 0x00000000d6200000)
  object space 83456K, 73% used [0x0000000082600000,0x00000000861c9328,0x0000000087780000)
 Metaspace       used 44417K, capacity 48206K, committed 48424K, reserved 1091584K
  class space    used 5759K, capacity 6387K, committed 6440K, reserved 1048576K
}

Deoptimization events (10 events):
Event: 27243.490 Thread 0x0000020219472800 Uncommon trap: reason=unstable_if action=reinterpret pc=0x0000020200f683d0 method=java.util.concurrent.locks.AbstractQueuedSynchronizer$ConditionObject.addConditionWaiter()Ljava/util/concurrent/locks/AbstractQueuedSynchronizer$Node; @ 15
Event: 27245.298 Thread 0x0000020219964000 Uncommon trap: reason=unstable_if action=reinterpret pc=0x0000020201032b98 method=java.util.concurrent.FutureTask.runAndReset()Z @ 4
Event: 27245.298 Thread 0x0000020219964000 Uncommon trap: reason=unstable_if action=reinterpret pc=0x000002020120a864 method=java.util.concurrent.ScheduledThreadPoolExecutor$DelayedWorkQueue.take()Ljava/util/concurrent/RunnableScheduledFuture; @ 17
Event: 27245.298 Thread 0x0000020219964000 Uncommon trap: reason=unstable_if action=reinterpret pc=0x00000202012037a0 method=java.util.concurrent.locks.AbstractQueuedSynchronizer$ConditionObject.addConditionWaiter()Ljava/util/concurrent/locks/AbstractQueuedSynchronizer$Node; @ 15
Event: 36158.112 Thread 0x00000202167f8000 Uncommon trap: reason=unstable_if action=reinterpret pc=0x0000020200d7df78 method=java.io.File.listFiles()[Ljava/io/File; @ 6
Event: 36158.114 Thread 0x00000202167f8000 Uncommon trap: reason=unstable_if action=reinterpret pc=0x0000020200d89078 method=java.io.File.listFiles()[Ljava/io/File; @ 6
Event: 36158.517 Thread 0x00000202167f8000 Uncommon trap: reason=unstable_if action=reinterpret pc=0x0000020200ff2e88 method=java.util.AbstractSet.equals(Ljava/lang/Object;)Z @ 31
Event: 36158.517 Thread 0x00000202167f8000 Uncommon trap: reason=unstable_if action=reinterpret pc=0x00000202001ef048 method=org.springframework.boot.devtools.filewatch.FileSystemWatcher$Watcher.scan()V @ 37
Event: 36158.923 Thread 0x00000202167f8000 Uncommon trap: reason=bimorphic action=maybe_recompile pc=0x0000020200b39c30 method=java.util.AbstractCollection.containsAll(Ljava/util/Collection;)Z @ 25
Event: 36158.923 Thread 0x00000202167f8000 Uncommon trap: reason=unstable_if action=reinterpret pc=0x0000020200f8f7f4 method=java.util.AbstractSet.equals(Ljava/lang/Object;)Z @ 31

Classes redefined (0 events):
No events

Internal exceptions (10 events):
Event: 43750.010 Thread 0x0000020219472800 Exception <a 'java/net/ConnectException': Connection refused: connect> (0x00000000d69175d8) thrown at [J:\jenkins\tmp\workspace\build\src\hotspot\src\share\vm\prims\jni.cpp, line 738]
Event: 43750.557 Thread 0x000002021977c000 Exception <a 'java/net/ConnectException': Connection refused: connect> (0x00000000d69189b8) thrown at [J:\jenkins\tmp\workspace\build\src\hotspot\src\share\vm\prims\jni.cpp, line 738]
Event: 43762.058 Thread 0x0000020219472800 Exception <a 'java/net/ConnectException': Connection refused: connect> (0x00000000d691a228) thrown at [J:\jenkins\tmp\workspace\build\src\hotspot\src\share\vm\prims\jni.cpp, line 738]
Event: 43762.605 Thread 0x000002021977c000 Exception <a 'java/net/ConnectException': Connection refused: connect> (0x00000000d6919d20) thrown at [J:\jenkins\tmp\workspace\build\src\hotspot\src\share\vm\prims\jni.cpp, line 738]
Event: 43774.099 Thread 0x0000020219472800 Exception <a 'java/net/ConnectException': Connection refused: connect> (0x00000000d691d8c8) thrown at [J:\jenkins\tmp\workspace\build\src\hotspot\src\share\vm\prims\jni.cpp, line 738]
Event: 43774.646 Thread 0x000002021977c000 Exception <a 'java/net/ConnectException': Connection refused: connect> (0x00000000d691d148) thrown at [J:\jenkins\tmp\workspace\build\src\hotspot\src\share\vm\prims\jni.cpp, line 738]
Event: 43786.162 Thread 0x0000020219472800 Exception <a 'java/net/ConnectException': Connection refused: connect> (0x00000000d6921de0) thrown at [J:\jenkins\tmp\workspace\build\src\hotspot\src\share\vm\prims\jni.cpp, line 738]
Event: 43786.677 Thread 0x000002021977c000 Exception <a 'java/net/ConnectException': Connection refused: connect> (0x00000000d691fd40) thrown at [J:\jenkins\tmp\workspace\build\src\hotspot\src\share\vm\prims\jni.cpp, line 738]
Event: 43798.205 Thread 0x0000020219472800 Exception <a 'java/net/ConnectException': Connection refused: connect> (0x00000000d6923ce0) thrown at [J:\jenkins\tmp\workspace\build\src\hotspot\src\share\vm\prims\jni.cpp, line 738]
Event: 43798.705 Thread 0x000002021977c000 Exception <a 'java/net/ConnectException': Connection refused: connect> (0x00000000d6926218) thrown at [J:\jenkins\tmp\workspace\build\src\hotspot\src\share\vm\prims\jni.cpp, line 738]

Events (10 events):
Event: 36325.572 Thread 0x0000020214046800 flushing nmethod 0x0000020200d3ad90
Event: 36325.572 Thread 0x0000020214046800 flushing nmethod 0x0000020200d51dd0
Event: 36325.572 Thread 0x0000020214046800 flushing nmethod 0x0000020200dc8b90
Event: 36325.572 Thread 0x0000020214046800 flushing nmethod 0x0000020200e0db50
Event: 36325.573 Thread 0x0000020214046800 flushing nmethod 0x0000020200f35dd0
Event: 36771.316 Thread 0x000002021403b000 flushing nmethod 0x0000020200ffb190
Event: 37277.473 Executing VM operation: ParallelGCFailedAllocation
Event: 37277.475 Executing VM operation: ParallelGCFailedAllocation done
Event: 37494.310 Thread 0x0000020214034800 flushing nmethod 0x000002020113ed50
Event: 37494.311 Thread 0x0000020214034800 flushing nmethod 0x00000202011f6f90


Dynamic libraries:
0x00007ff7dc580000 - 0x00007ff7dc5ba000 	C:\Program Files\AdoptOpenJDK\jdk-8.0.265.01-hotspot\bin\java.exe
0x00007fff023f0000 - 0x00007fff025e8000 	C:\WINDOWS\SYSTEM32\ntdll.dll
0x00007fff016a0000 - 0x00007fff0175f000 	C:\WINDOWS\System32\KERNEL32.DLL
0x00007ffefffc0000 - 0x00007fff002b6000 	C:\WINDOWS\System32\KERNELBASE.dll
0x00007fff012c0000 - 0x00007fff0136f000 	C:\WINDOWS\System32\ADVAPI32.dll
0x00007fff00940000 - 0x00007fff009de000 	C:\WINDOWS\System32\msvcrt.dll
0x00007fff02310000 - 0x00007fff023ac000 	C:\WINDOWS\System32\sechost.dll
0x00007fff01b70000 - 0x00007fff01c96000 	C:\WINDOWS\System32\RPCRT4.dll
0x00007fff020f0000 - 0x00007fff0228d000 	C:\WINDOWS\System32\USER32.dll
0x00007ffeffc60000 - 0x00007ffeffc82000 	C:\WINDOWS\System32\win32u.dll
0x00007fff01460000 - 0x00007fff0148c000 	C:\WINDOWS\System32\GDI32.dll
0x00007ffeffad0000 - 0x00007ffeffbe5000 	C:\WINDOWS\System32\gdi32full.dll
0x00007ffefff20000 - 0x00007ffefffbd000 	C:\WINDOWS\System32\msvcp_win.dll
0x00007fff00350000 - 0x00007fff00450000 	C:\WINDOWS\System32\ucrtbase.dll
0x00007ffeec8b0000 - 0x00007ffeecb4a000 	C:\WINDOWS\WinSxS\amd64_microsoft.windows.common-controls_6595b64144ccf1df_6.0.19041.1110_none_60b5254171f9507e\COMCTL32.dll
0x00007fff01490000 - 0x00007fff014c0000 	C:\WINDOWS\System32\IMM32.DLL
0x00007ffe9afa0000 - 0x00007ffe9b08f000 	C:\Program Files\AdoptOpenJDK\jdk-8.0.265.01-hotspot\jre\bin\msvcr120.dll
0x00007ffe84ae0000 - 0x00007ffe84b86000 	C:\Program Files\AdoptOpenJDK\jdk-8.0.265.01-hotspot\jre\bin\msvcp120.dll
0x00000000603d0000 - 0x0000000060c36000 	C:\Program Files\AdoptOpenJDK\jdk-8.0.265.01-hotspot\jre\bin\server\jvm.dll
0x00007fff01890000 - 0x00007fff01898000 	C:\WINDOWS\System32\PSAPI.DLL
0x00007ffee5b90000 - 0x00007ffee5b99000 	C:\WINDOWS\SYSTEM32\WSOCK32.dll
0x00007ffee5c70000 - 0x00007ffee5c97000 	C:\WINDOWS\SYSTEM32\WINMM.dll
0x00007ffef87c0000 - 0x00007ffef87ca000 	C:\WINDOWS\SYSTEM32\VERSION.dll
0x00007fff00b00000 - 0x00007fff00b6b000 	C:\WINDOWS\System32\WS2_32.dll
0x00007ffef7880000 - 0x00007ffef788f000 	C:\Program Files\AdoptOpenJDK\jdk-8.0.265.01-hotspot\jre\bin\verify.dll
0x00007ffef7850000 - 0x00007ffef7878000 	C:\Program Files\AdoptOpenJDK\jdk-8.0.265.01-hotspot\jre\bin\java.dll
0x00007ffedd320000 - 0x00007ffedd34a000 	C:\Program Files\AdoptOpenJDK\jdk-8.0.265.01-hotspot\jre\bin\instrument.dll
0x00007ffef7830000 - 0x00007ffef7846000 	C:\Program Files\AdoptOpenJDK\jdk-8.0.265.01-hotspot\jre\bin\zip.dll
0x00007fff00b70000 - 0x00007fff012b4000 	C:\WINDOWS\System32\SHELL32.dll
0x00007ffefda20000 - 0x00007ffefe1b3000 	C:\WINDOWS\SYSTEM32\windows.storage.dll
0x00007fff01d90000 - 0x00007fff020e4000 	C:\WINDOWS\System32\combase.dll
0x00007ffeff510000 - 0x00007ffeff53e000 	C:\WINDOWS\SYSTEM32\Wldp.dll
0x00007fff00a40000 - 0x00007fff00aed000 	C:\WINDOWS\System32\SHCORE.dll
0x00007fff01640000 - 0x00007fff01695000 	C:\WINDOWS\System32\shlwapi.dll
0x00007ffeffa00000 - 0x00007ffeffa25000 	C:\WINDOWS\SYSTEM32\profapi.dll
0x00007ffee8d70000 - 0x00007ffee8d8a000 	D:\IntelliJ IDEA Community Edition 2022.1.4\bin\breakgen64.dll
0x00007ffeddc10000 - 0x00007ffeddc2a000 	C:\Program Files\AdoptOpenJDK\jdk-8.0.265.01-hotspot\jre\bin\net.dll
0x00007ffeff220000 - 0x00007ffeff28a000 	C:\WINDOWS\system32\mswsock.dll
0x00007ffee9be0000 - 0x00007ffee9bed000 	C:\Program Files\AdoptOpenJDK\jdk-8.0.265.01-hotspot\jre\bin\management.dll
0x00007ffee3f10000 - 0x00007ffee3f27000 	C:\WINDOWS\system32\napinsp.dll
0x00007ffee3ef0000 - 0x00007ffee3f0b000 	C:\WINDOWS\system32\pnrpnsp.dll
0x00007ffefa6a0000 - 0x00007ffefa6b5000 	C:\WINDOWS\system32\wshbth.dll
0x00007ffef8200000 - 0x00007ffef821d000 	C:\WINDOWS\system32\NLAapi.dll
0x00007ffefeed0000 - 0x00007ffefef0b000 	C:\WINDOWS\SYSTEM32\IPHLPAPI.DLL
0x00007ffefef20000 - 0x00007ffefefea000 	C:\WINDOWS\SYSTEM32\DNSAPI.dll
0x00007fff00af0000 - 0x00007fff00af8000 	C:\WINDOWS\System32\NSI.dll
0x00007ffee3ed0000 - 0x00007ffee3ee2000 	C:\WINDOWS\System32\winrnr.dll
0x00007ffeeed90000 - 0x00007ffeeed9a000 	C:\Windows\System32\rasadhlp.dll
0x00007ffeeeee0000 - 0x00007ffeeef62000 	C:\WINDOWS\System32\fwpuclnt.dll
0x00007ffeffdf0000 - 0x00007ffeffe17000 	C:\WINDOWS\System32\bcrypt.dll
0x00007ffe9b1c0000 - 0x00007ffe9b1d2000 	C:\Program Files\AdoptOpenJDK\jdk-8.0.265.01-hotspot\jre\bin\nio.dll
0x00007ffeff3d0000 - 0x00007ffeff3e8000 	C:\WINDOWS\SYSTEM32\CRYPTSP.dll
0x00007ffefea70000 - 0x00007ffefeaa4000 	C:\WINDOWS\system32\rsaenh.dll
0x00007ffeff9c0000 - 0x00007ffeff9ee000 	C:\WINDOWS\SYSTEM32\USERENV.dll
0x00007fff002c0000 - 0x00007fff00342000 	C:\WINDOWS\System32\bcryptprimitives.dll
0x00007ffeff3f0000 - 0x00007ffeff3fc000 	C:\WINDOWS\SYSTEM32\CRYPTBASE.dll
0x00007ffef6cf0000 - 0x00007ffef6d07000 	C:\WINDOWS\SYSTEM32\dhcpcsvc6.DLL
0x00007ffef6c30000 - 0x00007ffef6c4d000 	C:\WINDOWS\SYSTEM32\dhcpcsvc.DLL
0x00007ffed9930000 - 0x00007ffed9953000 	C:\Program Files\AdoptOpenJDK\jdk-8.0.265.01-hotspot\jre\bin\sunec.dll
0x00007ffee8aa0000 - 0x00007ffee8aac000 	C:\Program Files\AdoptOpenJDK\jdk-8.0.265.01-hotspot\jre\bin\sunmscapi.dll
0x00007ffeffc90000 - 0x00007ffeffdee000 	C:\WINDOWS\System32\CRYPT32.dll
0x00007ffeff580000 - 0x00007ffeff5a8000 	C:\WINDOWS\SYSTEM32\ncrypt.dll
0x00007ffeff540000 - 0x00007ffeff57b000 	C:\WINDOWS\SYSTEM32\NTASN1.dll

VM Arguments:
jvm_args: -javaagent:D:\IntelliJ IDEA Community Edition 2022.1.4\lib\idea_rt.jar=2531:D:\IntelliJ IDEA Community Edition 2022.1.4\bin -Dfile.encoding=UTF-8 
java_command: com.movie.movie.MovieApplication
java_class_path (initial): C:\Program Files\AdoptOpenJDK\jdk-8.0.265.01-hotspot\jre\lib\charsets.jar;C:\Program Files\AdoptOpenJDK\jdk-8.0.265.01-hotspot\jre\lib\ext\access-bridge-64.jar;C:\Program Files\AdoptOpenJDK\jdk-8.0.265.01-hotspot\jre\lib\ext\cldrdata.jar;C:\Program Files\AdoptOpenJDK\jdk-8.0.265.01-hotspot\jre\lib\ext\dnsns.jar;C:\Program Files\AdoptOpenJDK\jdk-8.0.265.01-hotspot\jre\lib\ext\jaccess.jar;C:\Program Files\AdoptOpenJDK\jdk-8.0.265.01-hotspot\jre\lib\ext\localedata.jar;C:\Program Files\AdoptOpenJDK\jdk-8.0.265.01-hotspot\jre\lib\ext\nashorn.jar;C:\Program Files\AdoptOpenJDK\jdk-8.0.265.01-hotspot\jre\lib\ext\sunec.jar;C:\Program Files\AdoptOpenJDK\jdk-8.0.265.01-hotspot\jre\lib\ext\sunjce_provider.jar;C:\Program Files\AdoptOpenJDK\jdk-8.0.265.01-hotspot\jre\lib\ext\sunmscapi.jar;C:\Program Files\AdoptOpenJDK\jdk-8.0.265.01-hotspot\jre\lib\ext\sunpkcs11.jar;C:\Program Files\AdoptOpenJDK\jdk-8.0.265.01-hotspot\jre\lib\ext\zipfs.jar;C:\Program Files\AdoptOpenJDK\jdk-8.0.265.01-hotspot\jre\lib\jce.jar;C:\Program Files\AdoptOpenJDK\jdk-8.0.265.01-hotspot\jre\lib\jfr.jar;C:\Program Files\AdoptOpenJDK\jdk-8.0.265.01-hotspot\jre\lib\jsse.jar;C:\Program Files\AdoptOpenJDK\jdk-8.0.265.01-hotspot\jre\lib\management-agent.jar;C:\Program Files\AdoptOpenJDK\jdk-8.0.265.01-hotspot\jre\lib\resources.jar;C:\Program Files\AdoptOpenJDK\jdk-8.0.265.01-hotspot\jre\lib\rt.jar;F:\moviemap\movie_backend\target\classes;C:\Users\hp\.m2\repository\org\springframework\boot\spring-boot-starter-data-mongodb\2.7.13\spring-boot-starter-data-mongodb-2.7.13.jar;C:\Users\hp\.m2\repository\org\springframework\boot\spring-boot-starter\2.7.13\spring-boot-starter-2.7.13.jar;C:\Users\hp\.m2\repository\org\springframework\boot\spring-boot-starter-logging\2.7.13\spring-boot-starter-logging-2.7.13.jar;C:\Users\hp\.m2\repository\ch\qos\logback\logback-classic\1.2.12\logback-classic-1.2.12.jar;C:\Users\hp\.m2\repository\ch\qos\logback\logback-core\1.2.12\logback-core-1.2.12.jar;C:\User
Launcher Type: SUN_STANDARD

Environment Variables:
JAVA_HOME=D:\jdk
CLASSPATH=.;D:\jdk\lib\dt.jar;D:\jdk\lib\tools.jar
USERNAME=hp
OS=Windows_NT
PROCESSOR_IDENTIFIER=Intel64 Family 6 Model 158 Stepping 10, GenuineIntel



---------------  S Y S T E M  ---------------

OS: Windows 10.0 , 64 bit Build 19041 (10.0.19041.3155)

CPU:total 12 (initial active 12) (6 cores per cpu, 2 threads per core) family 6 model 158 stepping 10, cmov, cx8, fxsr, mmx, sse, sse2, sse3, ssse3, sse4.1, sse4.2, popcnt, avx, avx2, aes, clmul, erms, 3dnowpref, lzcnt, ht, tsc, tscinvbit, bmi1, bmi2, adx

Memory: 4k page, physical 8224952k(3849780k free), swap 71394396k(0k free)

vm_info: OpenJDK 64-Bit Server VM (25.265-b01) for windows-amd64 JRE (1.8.0_265-b01), built on Jul 28 2020 15:11:27 by "jenkins" with MS VC++ 12.0 (VS2013)

time: Fri Aug 18 07:58:35 2023
timezone: ?D1¨²¡À¨º¡Á?¨º¡À??
elapsed time: 43808 seconds (0d 12h 10m 8s)

